2019-01-17 18:37:15,559 [   4529]   INFO - llij.ide.plugins.PluginManager - Loaded custom plugins: Time Tracker (1.0-SNAPSHOT) 
2019-01-17 18:37:26,661 [  15631]   INFO - pi.util.registry.RegistryState - Registry values changed by user: 
2019-01-17 18:37:26,661 [  15631]   INFO - pi.util.registry.RegistryState -   java.completion.argument.hints.internal = false 
2019-01-17 18:37:26,685 [  15655]   INFO - pi.util.registry.RegistryState - Experimental features enabled for user: inline.browse.button 
2019-01-17 18:37:26,747 [  15717]   INFO - ellij.util.io.PagedFileStorage - lower=100; upper=435; buffer=10; max=435 
2019-01-17 18:37:26,876 [  15846]   INFO - pl.local.NativeFileWatcherImpl - Starting file watcher: C:\Users\Acer Nitro\.gradle\caches\modules-2\files-2.1\com.jetbrains.intellij.idea\ideaIC\2018.3.2\23b321b525e54fefd5a5e47371077a981833fb37\ideaIC-2018.3.2\bin\win\fsnotifier64.exe 
2019-01-17 18:37:26,953 [  15923]   INFO - pl.local.NativeFileWatcherImpl - Native file watcher is operational. 
2019-01-17 18:37:29,964 [  18934]   INFO - j.ide.ui.OptionsTopHitProvider - 242 ms spent to cache options in application 
2019-01-17 18:37:29,965 [  18935]   INFO - .openapi.application.Preloader - com.intellij.ide.ui.OptionsTopHitProvider$Activity took 243 ms 
2019-01-17 18:37:30,027 [  18997]   INFO - til.net.ssl.CertificateManager - Default SSL context initialized 
2019-01-17 18:37:30,055 [  19025]   INFO - rains.ide.BuiltInServerManager - built-in server started, port 63343 
2019-01-17 18:37:30,149 [  19119]   INFO - gs.impl.UpdateCheckerComponent - channel: release 
2019-01-17 18:37:30,638 [  19608]   INFO - il.indexing.FileBasedIndexImpl - Index exts enumerated:382, number of extensions:49 
2019-01-17 18:37:30,654 [  19624]   INFO - il.indexing.FileBasedIndexImpl - Index scheduled:14 
2019-01-17 18:37:30,698 [  19668]   INFO - tellij.psi.stubs.StubIndexImpl - All stub exts enumerated:34, number of extensions:50 
2019-01-17 18:37:30,700 [  19670]   INFO - tellij.psi.stubs.StubIndexImpl - stub exts update scheduled:1 
2019-01-17 18:37:33,519 [  22489]   INFO - plication.impl.ApplicationImpl - 85 application components initialized in 19875ms 
2019-01-17 18:37:33,553 [  22523]   INFO - .intellij.idea.IdeaApplication - App initialization took 28522 ms 
2019-01-17 18:37:33,555 [  22525]   INFO - llij.ide.plugins.PluginManager - org.jetbrains.kotlin loaded 447 classes 
2019-01-17 18:37:33,555 [  22525]   INFO - llij.ide.plugins.PluginManager - org.intellij.groovy loaded 367 classes 
2019-01-17 18:37:33,555 [  22525]   INFO - llij.ide.plugins.PluginManager - org.jetbrains.android loaded 159 classes 
2019-01-17 18:37:33,555 [  22525]   INFO - llij.ide.plugins.PluginManager - org.jetbrains.idea.maven loaded 47 classes 
2019-01-17 18:37:33,555 [  22525]   INFO - llij.ide.plugins.PluginManager - CVS loaded 38 classes 
2019-01-17 18:37:33,556 [  22526]   INFO - llij.ide.plugins.PluginManager - org.jetbrains.settingsRepository loaded 31 classes 
2019-01-17 18:37:33,556 [  22526]   INFO - llij.ide.plugins.PluginManager - com.intellij.properties loaded 23 classes 
2019-01-17 18:37:33,556 [  22526]   INFO - llij.ide.plugins.PluginManager - XPathView loaded 20 classes 
2019-01-17 18:37:33,556 [  22526]   INFO - llij.ide.plugins.PluginManager - org.editorconfig.editorconfigjetbrains loaded 15 classes 
2019-01-17 18:37:33,556 [  22526]   INFO - llij.ide.plugins.PluginManager - org.jetbrains.plugins.yaml loaded 14 classes 
2019-01-17 18:37:33,556 [  22526]   INFO - llij.ide.plugins.PluginManager - Git4Idea loaded 14 classes 
2019-01-17 18:37:33,556 [  22526]   INFO - llij.ide.plugins.PluginManager - hg4idea loaded 13 classes 
2019-01-17 18:37:33,556 [  22526]   INFO - llij.ide.plugins.PluginManager - Subversion loaded 12 classes 
2019-01-17 18:37:33,556 [  22526]   INFO - llij.ide.plugins.PluginManager - com.intellij.tasks loaded 11 classes 
2019-01-17 18:37:33,556 [  22526]   INFO - llij.ide.plugins.PluginManager - org.jetbrains.plugins.javaFX loaded 10 classes 
2019-01-17 18:37:33,556 [  22526]   INFO - llij.ide.plugins.PluginManager - com.intellij.uiDesigner loaded 9 classes 
2019-01-17 18:37:33,556 [  22526]   INFO - llij.ide.plugins.PluginManager - DevKit loaded 7 classes 
2019-01-17 18:37:33,556 [  22526]   INFO - llij.ide.plugins.PluginManager - AntSupport loaded 6 classes 
2019-01-17 18:37:33,556 [  22526]   INFO - llij.ide.plugins.PluginManager - org.jetbrains.plugins.gradle loaded 5 classes 
2019-01-17 18:37:33,557 [  22527]   INFO - llij.ide.plugins.PluginManager - org.jetbrains.plugins.github loaded 5 classes 
2019-01-17 18:37:33,557 [  22527]   INFO - llij.ide.plugins.PluginManager - org.intellij.intelliLang loaded 4 classes 
2019-01-17 18:37:33,557 [  22527]   INFO - llij.ide.plugins.PluginManager - com.android.tools.idea.smali loaded 3 classes 
2019-01-17 18:37:33,557 [  22527]   INFO - llij.ide.plugins.PluginManager - org.jetbrains.idea.eclipse loaded 2 classes 
2019-01-17 18:37:33,557 [  22527]   INFO - llij.ide.plugins.PluginManager - Coverage loaded 1 classes 
2019-01-17 18:37:33,557 [  22527]   INFO - llij.ide.plugins.PluginManager - com.intellij.java-i18n loaded 1 classes 
2019-01-17 18:37:33,557 [  22527]   INFO - llij.ide.plugins.PluginManager - com.intellij.copyright loaded 1 classes 
2019-01-17 18:37:33,969 [  22939]   INFO - m.intellij.ui.mac.touchbar.NST - OS doesn't support touchbar, skip nst loading 
2019-01-17 18:37:35,169 [  24139]   INFO - pl$FileIndexDataInitialization - Initialization done:4515 
2019-01-17 18:37:35,507 [  24477]   INFO - com.intellij.ide.ui.UISettings - Loaded: fontSize=12, fontScale=1.0; restored: fontSize=12, fontScale=1.0 
2019-01-17 18:37:35,963 [  24933]   INFO - .openapi.application.Preloader - com.intellij.openapi.actionSystem.impl.ActionPreloader took 5996 ms 
2019-01-17 18:37:36,173 [  25143]   INFO - exImpl$StubIndexInitialization - Initialization done:1004 
2019-01-17 18:37:37,072 [  26042]   INFO - ellij.project.impl.ProjectImpl - 161 project components initialized in 2633 ms 
2019-01-17 18:37:37,260 [  26230]   INFO - le.impl.ModuleManagerComponent - 1 module(s) loaded in 171 ms 
2019-01-17 18:37:37,363 [  26333]   INFO - j.ide.script.IdeStartupScripts - 0 startup script(s) found 
2019-01-17 18:37:37,563 [  26533]   INFO - rojectCodeStyleSettingsManager - Initialized from default code style settings. 
2019-01-17 18:37:37,665 [  26635]   INFO - .openapi.application.Preloader - com.intellij.ide.ui.search.SearchableOptionPreloader took 1701 ms 
2019-01-17 18:37:38,113 [  27083]   INFO - .openapi.application.Preloader - com.intellij.codeInsight.completion.CompletionPreloader took 447 ms 
2019-01-17 18:37:38,123 [  27093]   INFO - .openapi.application.Preloader - com.intellij.ide.actions.GotoClassPresentationUpdater took 9 ms 
2019-01-17 18:37:38,700 [  27670]   INFO - penapi.project.DumbServiceImpl - Running dumb mode task: com.intellij.util.indexing.UnindexedFilesUpdater@4aa33101 
2019-01-17 18:37:38,707 [  27677]   INFO - ntellij.internal.IconsLoadTime - IMG load time: ide_startup=16,08ms, average=0,89ms, median=1,74ms; number of icons: 18 
2019-01-17 18:37:38,708 [  27678]   INFO - ntellij.internal.IconsLoadTime - SVG load time: ide_startup=253,39ms, average=7,04ms, median=8,58ms; number of icons: 36 
2019-01-17 18:37:38,770 [  27740]   INFO - .diagnostic.PerformanceWatcher - Pushing properties took 67ms; general responsiveness: ok; EDT responsiveness: ok 
2019-01-17 18:37:38,794 [  27764]   INFO - ge.ExternalProjectsDataStorage - Loaded external projects data in 8 millis 
2019-01-17 18:37:38,858 [  27828]   INFO - .diagnostic.PerformanceWatcher - Post-startup activities under progress took 269ms; general responsiveness: ok; EDT responsiveness: ok 
2019-01-17 18:37:40,046 [  29016]   INFO - j.ide.ui.OptionsTopHitProvider - 444 ms spent on EDT to cache options in application 
2019-01-17 18:37:40,098 [  29068]   INFO - ellij.project.impl.ProjectImpl - 20 project components initialized in 30 ms 
2019-01-17 18:37:40,157 [  29127]   INFO - tartup.impl.StartupManagerImpl - C:/Users/Acer Nitro/IdeaProjects/untitled2/.idea case-sensitivity: expected=false actual=false 
2019-01-17 18:37:40,177 [  29147]   INFO - pl.projectlevelman.NewMappings - VCS Root: [] - [<Project>] 
2019-01-17 18:37:40,367 [  29337]   INFO - tor.impl.FileEditorManagerImpl - Project opening took 6039 ms 
2019-01-17 18:37:40,367 [  29337]   INFO - llij.ide.plugins.PluginManager - org.jetbrains.kotlin loaded 1474 classes 
2019-01-17 18:37:40,367 [  29337]   INFO - llij.ide.plugins.PluginManager - org.jetbrains.android loaded 1221 classes 
2019-01-17 18:37:40,367 [  29337]   INFO - llij.ide.plugins.PluginManager - org.intellij.groovy loaded 493 classes 
2019-01-17 18:37:40,367 [  29337]   INFO - llij.ide.plugins.PluginManager - org.jetbrains.idea.maven loaded 215 classes 
2019-01-17 18:37:40,367 [  29337]   INFO - llij.ide.plugins.PluginManager - com.intellij.uiDesigner loaded 208 classes 
2019-01-17 18:37:40,367 [  29337]   INFO - llij.ide.plugins.PluginManager - org.jetbrains.debugger.streams loaded 129 classes 
2019-01-17 18:37:40,367 [  29337]   INFO - llij.ide.plugins.PluginManager - Git4Idea loaded 111 classes 
2019-01-17 18:37:40,367 [  29337]   INFO - llij.ide.plugins.PluginManager - com.intellij.tasks loaded 98 classes 
2019-01-17 18:37:40,367 [  29337]   INFO - llij.ide.plugins.PluginManager - CVS loaded 79 classes 
2019-01-17 18:37:40,367 [  29337]   INFO - llij.ide.plugins.PluginManager - org.jetbrains.plugins.gradle loaded 67 classes 
2019-01-17 18:37:40,367 [  29337]   INFO - llij.ide.plugins.PluginManager - XPathView loaded 63 classes 
2019-01-17 18:37:40,367 [  29337]   INFO - llij.ide.plugins.PluginManager - Subversion loaded 60 classes 
2019-01-17 18:37:40,367 [  29337]   INFO - llij.ide.plugins.PluginManager - com.intellij.properties loaded 57 classes 
2019-01-17 18:37:40,368 [  29338]   INFO - llij.ide.plugins.PluginManager - org.editorconfig.editorconfigjetbrains loaded 52 classes 
2019-01-17 18:37:40,368 [  29338]   INFO - llij.ide.plugins.PluginManager - hg4idea loaded 45 classes 
2019-01-17 18:37:40,368 [  29338]   INFO - llij.ide.plugins.PluginManager - DevKit loaded 40 classes 
2019-01-17 18:37:40,368 [  29338]   INFO - llij.ide.plugins.PluginManager - org.jetbrains.settingsRepository loaded 37 classes 
2019-01-17 18:37:40,368 [  29338]   INFO - llij.ide.plugins.PluginManager - org.jetbrains.plugins.yaml loaded 30 classes 
2019-01-17 18:37:40,368 [  29338]   INFO - llij.ide.plugins.PluginManager - org.jetbrains.plugins.github loaded 28 classes 
2019-01-17 18:37:40,368 [  29338]   INFO - llij.ide.plugins.PluginManager - AntSupport loaded 26 classes 
2019-01-17 18:37:40,368 [  29338]   INFO - llij.ide.plugins.PluginManager - org.jetbrains.plugins.javaFX loaded 22 classes 
2019-01-17 18:37:40,368 [  29338]   INFO - llij.ide.plugins.PluginManager - Coverage loaded 19 classes 
2019-01-17 18:37:40,368 [  29338]   INFO - llij.ide.plugins.PluginManager - org.jetbrains.plugins.terminal loaded 15 classes 
2019-01-17 18:37:40,368 [  29338]   INFO - llij.ide.plugins.PluginManager - org.jetbrains.idea.eclipse loaded 11 classes 
2019-01-17 18:37:40,368 [  29338]   INFO - llij.ide.plugins.PluginManager - org.jetbrains.java.decompiler loaded 7 classes 
2019-01-17 18:37:40,368 [  29338]   INFO - llij.ide.plugins.PluginManager - com.intellij.copyright loaded 6 classes 
2019-01-17 18:37:40,368 [  29338]   INFO - llij.ide.plugins.PluginManager - org.intellij.intelliLang loaded 6 classes 
2019-01-17 18:37:40,368 [  29338]   INFO - llij.ide.plugins.PluginManager - com.android.tools.idea.smali loaded 5 classes 
2019-01-17 18:37:40,368 [  29338]   INFO - llij.ide.plugins.PluginManager - com.intellij.java-i18n loaded 4 classes 
2019-01-17 18:37:40,368 [  29338]   INFO - llij.ide.plugins.PluginManager - JUnit loaded 3 classes 
2019-01-17 18:37:40,368 [  29338]   INFO - llij.ide.plugins.PluginManager - TestNG-J loaded 3 classes 
2019-01-17 18:37:40,368 [  29338]   INFO - llij.ide.plugins.PluginManager - com.your.company.unique.plugin.id loaded 3 classes 
2019-01-17 18:37:40,368 [  29338]   INFO - llij.ide.plugins.PluginManager - XSLT-Debugger loaded 2 classes 
2019-01-17 18:37:40,368 [  29338]   INFO - llij.ide.plugins.PluginManager - ByteCodeViewer loaded 2 classes 
2019-01-17 18:37:41,375 [  30345]   INFO - .diagnostic.PerformanceWatcher - Indexable file iteration took 2603ms; general responsiveness: ok; EDT responsiveness: 1/2 sluggish 
2019-01-17 18:37:41,378 [  30348]   INFO - penapi.project.DumbServiceImpl - Running dumb mode task: initial refresh 
2019-01-17 18:37:41,382 [  30352]   INFO - penapi.project.DumbServiceImpl - updateFinished 
2019-01-17 18:37:41,392 [  30362]   INFO - g.FileBasedIndexProjectHandler - Has changed files: false; project=Project 'C:\Users\Acer Nitro\IdeaProjects\untitled2' untitled2 
2019-01-17 18:37:41,520 [  30490]   INFO - j.ide.ui.OptionsTopHitProvider - 124 ms spent to cache options in project 
2019-01-17 18:37:41,520 [  30490]   INFO - tartup.impl.StartupManagerImpl - Some post-startup activities freeze UI for noticeable time. Please consider making them DumbAware to do them in background under modal progress, or just making them faster to speed up project opening. 
2019-01-17 18:37:41,521 [  30491]   INFO - tartup.impl.StartupManagerImpl - Activity run in 124ms on UI thread 
2019-01-17 18:37:41,876 [  30846]   INFO - j.ide.ui.OptionsTopHitProvider - 181 ms spent on EDT to cache options in project 
2019-01-17 18:37:41,899 [  30869]   INFO - penapi.project.DumbServiceImpl - Running dumb mode task: com.android.tools.idea.res.ResourceFolderRepositoryFileCacheImpl$PruneTask@4ed8ad23 
2019-01-17 18:37:41,932 [  30902]   INFO - penapi.project.DumbServiceImpl - Running dumb mode task: com.android.tools.idea.res.ResourceFolderRepositoryFileCacheImpl$ManageLruProjectFilesTask@3446f47d 
2019-01-17 18:37:41,976 [  30946]   INFO - penapi.project.DumbServiceImpl - updateFinished 
2019-01-17 18:37:41,978 [  30948]   INFO - g.FileBasedIndexProjectHandler - Has changed files: false; project=Project 'C:\Users\Acer Nitro\IdeaProjects\untitled2' untitled2 
2019-01-17 18:37:41,991 [  30961]   INFO - penapi.project.DumbServiceImpl - Running dumb mode task: com.android.tools.idea.res.ResourceFolderRegistry$PopulateCachesTask@195ef3d9 
2019-01-17 18:37:41,999 [  30969]   INFO - penapi.project.DumbServiceImpl - updateFinished 
2019-01-17 18:37:42,000 [  30970]   INFO - g.FileBasedIndexProjectHandler - Has changed files: false; project=Project 'C:\Users\Acer Nitro\IdeaProjects\untitled2' untitled2 
2019-01-17 18:37:46,524 [  35494]   INFO - CompilerWorkspaceConfiguration - Available processors: 8 
2019-01-17 20:03:12,204 [5161174]   WARN - orks.SettingsConnectionService - www.jetbrains.com 
java.net.UnknownHostException: www.jetbrains.com
	at java.net.AbstractPlainSocketImpl.connect(AbstractPlainSocketImpl.java:184)
	at java.net.PlainSocketImpl.connect(PlainSocketImpl.java:172)
	at java.net.SocksSocketImpl.connect(SocksSocketImpl.java:392)
	at java.net.Socket.connect(Socket.java:589)
	at sun.security.ssl.SSLSocketImpl.connect(SSLSocketImpl.java:673)
	at sun.net.NetworkClient.doConnect(NetworkClient.java:175)
	at sun.net.www.http.HttpClient.openServer(HttpClient.java:432)
	at sun.net.www.http.HttpClient.openServer(HttpClient.java:527)
	at sun.net.www.protocol.https.HttpsClient.<init>(HttpsClient.java:264)
	at sun.net.www.protocol.https.HttpsClient.New(HttpsClient.java:367)
	at sun.net.www.protocol.https.AbstractDelegateHttpsURLConnection.getNewHttpClient(AbstractDelegateHttpsURLConnection.java:191)
	at sun.net.www.protocol.http.HttpURLConnection.plainConnect0(HttpURLConnection.java:1181)
	at sun.net.www.protocol.http.HttpURLConnection.plainConnect(HttpURLConnection.java:1032)
	at sun.net.www.protocol.https.AbstractDelegateHttpsURLConnection.connect(AbstractDelegateHttpsURLConnection.java:177)
	at sun.net.www.protocol.http.HttpURLConnection.getInputStream0(HttpURLConnection.java:1546)
	at sun.net.www.protocol.http.HttpURLConnection.getInputStream(HttpURLConnection.java:1474)
	at java.net.HttpURLConnection.getResponseCode(HttpURLConnection.java:480)
	at sun.net.www.protocol.https.HttpsURLConnectionImpl.getResponseCode(HttpsURLConnectionImpl.java:338)
	at com.intellij.util.io.HttpRequests.openConnection(HttpRequests.java:609)
	at com.intellij.util.io.HttpRequests.access$300(HttpRequests.java:59)
	at com.intellij.util.io.HttpRequests$RequestImpl.getConnection(HttpRequests.java:378)
	at com.intellij.util.io.HttpRequests$RequestImpl.getInputStream(HttpRequests.java:387)
	at com.intellij.util.io.HttpRequests$RequestImpl.getReader(HttpRequests.java:405)
	at com.intellij.util.io.HttpRequests$RequestImpl.getReader(HttpRequests.java:398)
	at com.intellij.facet.frameworks.SettingsConnectionService.lambda$readSettings$0(SettingsConnectionService.java:73)
	at com.intellij.util.io.HttpRequests.doProcess(HttpRequests.java:523)
	at com.intellij.util.io.HttpRequests.process(HttpRequests.java:499)
	at com.intellij.util.io.HttpRequests.access$100(HttpRequests.java:59)
	at com.intellij.util.io.HttpRequests$RequestBuilderImpl.connect(HttpRequests.java:352)
	at com.intellij.util.io.RequestBuilder.connect(RequestBuilder.java:64)
	at com.intellij.facet.frameworks.SettingsConnectionService.readSettings(SettingsConnectionService.java:70)
	at com.intellij.facet.frameworks.SettingsConnectionService.getSettingValue(SettingsConnectionService.java:97)
	at com.intellij.internal.statistic.eventLog.EventLogExternalSettingsService.getWhitelistedGroups(EventLogExternalSettingsService.java:63)
	at com.intellij.internal.statistic.eventLog.EventLogExternalSettingsService.getApprovedGroups(EventLogExternalSettingsService.java:51)
	at com.intellij.internal.statistic.service.fus.collectors.FUStatisticsPersistence.recordProjectUsages(FUStatisticsPersistence.java:75)
	at com.intellij.internal.statistic.service.fus.collectors.FUStatisticsPersistence.persistProjectUsages(FUStatisticsPersistence.java:50)
	at com.intellij.internal.statistic.updater.StatisticsJobsScheduler$2.lambda$projectOpened$0(StatisticsJobsScheduler.java:112)
	at java.util.concurrent.Executors$RunnableAdapter.call(Executors.java:511)
	at java.util.concurrent.FutureTask.runAndReset(FutureTask.java:308)
	at com.intellij.util.concurrency.SchedulingWrapper$MyScheduledFutureTask.run(SchedulingWrapper.java:230)
	at java.util.concurrent.ThreadPoolExecutor.runWorker(ThreadPoolExecutor.java:1142)
	at java.util.concurrent.ThreadPoolExecutor$Worker.run(ThreadPoolExecutor.java:617)
	at java.lang.Thread.run(Thread.java:745)
2019-01-17 20:03:12,204 [5161174]   WARN - orks.SettingsConnectionService - www.jetbrains.com 
java.net.UnknownHostException: www.jetbrains.com
	at java.net.AbstractPlainSocketImpl.connect(AbstractPlainSocketImpl.java:184)
	at java.net.PlainSocketImpl.connect(PlainSocketImpl.java:172)
	at java.net.SocksSocketImpl.connect(SocksSocketImpl.java:392)
	at java.net.Socket.connect(Socket.java:589)
	at sun.security.ssl.SSLSocketImpl.connect(SSLSocketImpl.java:673)
	at sun.net.NetworkClient.doConnect(NetworkClient.java:175)
	at sun.net.www.http.HttpClient.openServer(HttpClient.java:432)
	at sun.net.www.http.HttpClient.openServer(HttpClient.java:527)
	at sun.net.www.protocol.https.HttpsClient.<init>(HttpsClient.java:264)
	at sun.net.www.protocol.https.HttpsClient.New(HttpsClient.java:367)
	at sun.net.www.protocol.https.AbstractDelegateHttpsURLConnection.getNewHttpClient(AbstractDelegateHttpsURLConnection.java:191)
	at sun.net.www.protocol.http.HttpURLConnection.plainConnect0(HttpURLConnection.java:1181)
	at sun.net.www.protocol.http.HttpURLConnection.plainConnect(HttpURLConnection.java:1032)
	at sun.net.www.protocol.https.AbstractDelegateHttpsURLConnection.connect(AbstractDelegateHttpsURLConnection.java:177)
	at sun.net.www.protocol.http.HttpURLConnection.getInputStream0(HttpURLConnection.java:1546)
	at sun.net.www.protocol.http.HttpURLConnection.getInputStream(HttpURLConnection.java:1474)
	at java.net.HttpURLConnection.getResponseCode(HttpURLConnection.java:480)
	at sun.net.www.protocol.https.HttpsURLConnectionImpl.getResponseCode(HttpsURLConnectionImpl.java:338)
	at com.intellij.util.io.HttpRequests.openConnection(HttpRequests.java:609)
	at com.intellij.util.io.HttpRequests.access$300(HttpRequests.java:59)
	at com.intellij.util.io.HttpRequests$RequestImpl.getConnection(HttpRequests.java:378)
	at com.intellij.util.io.HttpRequests$RequestImpl.getInputStream(HttpRequests.java:387)
	at com.intellij.util.io.HttpRequests$RequestImpl.getReader(HttpRequests.java:405)
	at com.intellij.util.io.HttpRequests$RequestImpl.getReader(HttpRequests.java:398)
	at com.intellij.facet.frameworks.SettingsConnectionService.lambda$readSettings$0(SettingsConnectionService.java:73)
	at com.intellij.util.io.HttpRequests.doProcess(HttpRequests.java:523)
	at com.intellij.util.io.HttpRequests.process(HttpRequests.java:499)
	at com.intellij.util.io.HttpRequests.access$100(HttpRequests.java:59)
	at com.intellij.util.io.HttpRequests$RequestBuilderImpl.connect(HttpRequests.java:352)
	at com.intellij.util.io.RequestBuilder.connect(RequestBuilder.java:64)
	at com.intellij.facet.frameworks.SettingsConnectionService.readSettings(SettingsConnectionService.java:70)
	at com.intellij.facet.frameworks.SettingsConnectionService.getSettingValue(SettingsConnectionService.java:97)
	at com.intellij.facet.frameworks.SettingsConnectionService.getServiceUrl(SettingsConnectionService.java:90)
	at com.intellij.internal.statistic.service.fus.collectors.FUStatisticRecorder.collect(FUStatisticRecorder.java:14)
	at com.intellij.internal.statistic.updater.StatisticsJobsScheduler.lambda$null$0(StatisticsJobsScheduler.java:88)
	at java.util.concurrent.Executors$RunnableAdapter.call(Executors.java:511)
	at java.util.concurrent.FutureTask.run(FutureTask.java:266)
	at com.intellij.util.concurrency.SchedulingWrapper$MyScheduledFutureTask.run(SchedulingWrapper.java:228)
	at java.util.concurrent.ThreadPoolExecutor.runWorker(ThreadPoolExecutor.java:1142)
	at java.util.concurrent.ThreadPoolExecutor$Worker.run(ThreadPoolExecutor.java:617)
	at java.lang.Thread.run(Thread.java:745)
2019-01-17 20:03:12,218 [5161188]   WARN - orks.SettingsConnectionService - www.jetbrains.com 
java.net.UnknownHostException: www.jetbrains.com
	at java.net.AbstractPlainSocketImpl.connect(AbstractPlainSocketImpl.java:184)
	at java.net.PlainSocketImpl.connect(PlainSocketImpl.java:172)
	at java.net.SocksSocketImpl.connect(SocksSocketImpl.java:392)
	at java.net.Socket.connect(Socket.java:589)
	at sun.security.ssl.SSLSocketImpl.connect(SSLSocketImpl.java:673)
	at sun.net.NetworkClient.doConnect(NetworkClient.java:175)
	at sun.net.www.http.HttpClient.openServer(HttpClient.java:432)
	at sun.net.www.http.HttpClient.openServer(HttpClient.java:527)
	at sun.net.www.protocol.https.HttpsClient.<init>(HttpsClient.java:264)
	at sun.net.www.protocol.https.HttpsClient.New(HttpsClient.java:367)
	at sun.net.www.protocol.https.AbstractDelegateHttpsURLConnection.getNewHttpClient(AbstractDelegateHttpsURLConnection.java:191)
	at sun.net.www.protocol.http.HttpURLConnection.plainConnect0(HttpURLConnection.java:1181)
	at sun.net.www.protocol.http.HttpURLConnection.plainConnect(HttpURLConnection.java:1032)
	at sun.net.www.protocol.https.AbstractDelegateHttpsURLConnection.connect(AbstractDelegateHttpsURLConnection.java:177)
	at sun.net.www.protocol.http.HttpURLConnection.getInputStream0(HttpURLConnection.java:1546)
	at sun.net.www.protocol.http.HttpURLConnection.getInputStream(HttpURLConnection.java:1474)
	at java.net.HttpURLConnection.getResponseCode(HttpURLConnection.java:480)
	at sun.net.www.protocol.https.HttpsURLConnectionImpl.getResponseCode(HttpsURLConnectionImpl.java:338)
	at com.intellij.util.io.HttpRequests.openConnection(HttpRequests.java:609)
	at com.intellij.util.io.HttpRequests.access$300(HttpRequests.java:59)
	at com.intellij.util.io.HttpRequests$RequestImpl.getConnection(HttpRequests.java:378)
	at com.intellij.util.io.HttpRequests$RequestImpl.getInputStream(HttpRequests.java:387)
	at com.intellij.util.io.HttpRequests$RequestImpl.getReader(HttpRequests.java:405)
	at com.intellij.util.io.HttpRequests$RequestImpl.getReader(HttpRequests.java:398)
	at com.intellij.facet.frameworks.SettingsConnectionService.lambda$readSettings$0(SettingsConnectionService.java:73)
	at com.intellij.util.io.HttpRequests.doProcess(HttpRequests.java:523)
	at com.intellij.util.io.HttpRequests.process(HttpRequests.java:499)
	at com.intellij.util.io.HttpRequests.access$100(HttpRequests.java:59)
	at com.intellij.util.io.HttpRequests$RequestBuilderImpl.connect(HttpRequests.java:352)
	at com.intellij.util.io.RequestBuilder.connect(RequestBuilder.java:64)
	at com.intellij.facet.frameworks.SettingsConnectionService.readSettings(SettingsConnectionService.java:70)
	at com.intellij.facet.frameworks.SettingsConnectionService.getSettingValue(SettingsConnectionService.java:97)
	at com.intellij.facet.frameworks.SettingsConnectionService.getServiceUrl(SettingsConnectionService.java:90)
	at com.intellij.internal.statistic.service.ConfigurableStatisticsService.send(ConfigurableStatisticsService.java:15)
	at java.util.concurrent.FutureTask.run(FutureTask.java:266)
	at com.intellij.util.concurrency.SchedulingWrapper$MyScheduledFutureTask.run(SchedulingWrapper.java:228)
	at java.util.concurrent.ThreadPoolExecutor.runWorker(ThreadPoolExecutor.java:1142)
	at java.util.concurrent.ThreadPoolExecutor$Worker.run(ThreadPoolExecutor.java:617)
	at java.lang.Thread.run(Thread.java:745)
2019-01-17 20:03:15,160 [5164130]   WARN - orks.SettingsConnectionService - www.jetbrains.com 
java.net.UnknownHostException: www.jetbrains.com
	at java.net.AbstractPlainSocketImpl.connect(AbstractPlainSocketImpl.java:184)
	at java.net.PlainSocketImpl.connect(PlainSocketImpl.java:172)
	at java.net.SocksSocketImpl.connect(SocksSocketImpl.java:392)
	at java.net.Socket.connect(Socket.java:589)
	at sun.security.ssl.SSLSocketImpl.connect(SSLSocketImpl.java:673)
	at sun.net.NetworkClient.doConnect(NetworkClient.java:175)
	at sun.net.www.http.HttpClient.openServer(HttpClient.java:432)
	at sun.net.www.http.HttpClient.openServer(HttpClient.java:527)
	at sun.net.www.protocol.https.HttpsClient.<init>(HttpsClient.java:264)
	at sun.net.www.protocol.https.HttpsClient.New(HttpsClient.java:367)
	at sun.net.www.protocol.https.AbstractDelegateHttpsURLConnection.getNewHttpClient(AbstractDelegateHttpsURLConnection.java:191)
	at sun.net.www.protocol.http.HttpURLConnection.plainConnect0(HttpURLConnection.java:1181)
	at sun.net.www.protocol.http.HttpURLConnection.plainConnect(HttpURLConnection.java:1032)
	at sun.net.www.protocol.https.AbstractDelegateHttpsURLConnection.connect(AbstractDelegateHttpsURLConnection.java:177)
	at sun.net.www.protocol.http.HttpURLConnection.getInputStream0(HttpURLConnection.java:1546)
	at sun.net.www.protocol.http.HttpURLConnection.getInputStream(HttpURLConnection.java:1474)
	at java.net.HttpURLConnection.getResponseCode(HttpURLConnection.java:480)
	at sun.net.www.protocol.https.HttpsURLConnectionImpl.getResponseCode(HttpsURLConnectionImpl.java:338)
	at com.intellij.util.io.HttpRequests.openConnection(HttpRequests.java:609)
	at com.intellij.util.io.HttpRequests.access$300(HttpRequests.java:59)
	at com.intellij.util.io.HttpRequests$RequestImpl.getConnection(HttpRequests.java:378)
	at com.intellij.util.io.HttpRequests$RequestImpl.getInputStream(HttpRequests.java:387)
	at com.intellij.util.io.HttpRequests$RequestImpl.getReader(HttpRequests.java:405)
	at com.intellij.util.io.HttpRequests$RequestImpl.getReader(HttpRequests.java:398)
	at com.intellij.facet.frameworks.SettingsConnectionService.lambda$readSettings$0(SettingsConnectionService.java:73)
	at com.intellij.util.io.HttpRequests.doProcess(HttpRequests.java:523)
	at com.intellij.util.io.HttpRequests.process(HttpRequests.java:499)
	at com.intellij.util.io.HttpRequests.access$100(HttpRequests.java:59)
	at com.intellij.util.io.HttpRequests$RequestBuilderImpl.connect(HttpRequests.java:352)
	at com.intellij.util.io.RequestBuilder.connect(RequestBuilder.java:64)
	at com.intellij.facet.frameworks.SettingsConnectionService.readSettings(SettingsConnectionService.java:70)
	at com.intellij.facet.frameworks.SettingsConnectionService.getSettingValue(SettingsConnectionService.java:97)
	at com.intellij.internal.statistic.connect.StatisticsConnectionService.isTransmissionPermitted(StatisticsConnectionService.java:46)
	at com.intellij.internal.statistic.service.fus.collectors.FUStatisticsPersistence.persistProjectUsages(FUStatisticsPersistence.java:53)
	at com.intellij.internal.statistic.updater.StatisticsJobsScheduler$2.lambda$projectOpened$0(StatisticsJobsScheduler.java:112)
	at java.util.concurrent.Executors$RunnableAdapter.call(Executors.java:511)
	at java.util.concurrent.FutureTask.runAndReset(FutureTask.java:308)
	at com.intellij.util.concurrency.SchedulingWrapper$MyScheduledFutureTask.run(SchedulingWrapper.java:230)
	at java.util.concurrent.ThreadPoolExecutor.runWorker(ThreadPoolExecutor.java:1142)
	at java.util.concurrent.ThreadPoolExecutor$Worker.run(ThreadPoolExecutor.java:617)
	at java.lang.Thread.run(Thread.java:745)
2019-01-17 20:03:15,162 [5164132]   WARN - orks.SettingsConnectionService - www.jetbrains.com 
java.net.UnknownHostException: www.jetbrains.com
	at java.net.AbstractPlainSocketImpl.connect(AbstractPlainSocketImpl.java:184)
	at java.net.PlainSocketImpl.connect(PlainSocketImpl.java:172)
	at java.net.SocksSocketImpl.connect(SocksSocketImpl.java:392)
	at java.net.Socket.connect(Socket.java:589)
	at sun.security.ssl.SSLSocketImpl.connect(SSLSocketImpl.java:673)
	at sun.net.NetworkClient.doConnect(NetworkClient.java:175)
	at sun.net.www.http.HttpClient.openServer(HttpClient.java:432)
	at sun.net.www.http.HttpClient.openServer(HttpClient.java:527)
	at sun.net.www.protocol.https.HttpsClient.<init>(HttpsClient.java:264)
	at sun.net.www.protocol.https.HttpsClient.New(HttpsClient.java:367)
	at sun.net.www.protocol.https.AbstractDelegateHttpsURLConnection.getNewHttpClient(AbstractDelegateHttpsURLConnection.java:191)
	at sun.net.www.protocol.http.HttpURLConnection.plainConnect0(HttpURLConnection.java:1181)
	at sun.net.www.protocol.http.HttpURLConnection.plainConnect(HttpURLConnection.java:1032)
	at sun.net.www.protocol.https.AbstractDelegateHttpsURLConnection.connect(AbstractDelegateHttpsURLConnection.java:177)
	at sun.net.www.protocol.http.HttpURLConnection.getInputStream0(HttpURLConnection.java:1546)
	at sun.net.www.protocol.http.HttpURLConnection.getInputStream(HttpURLConnection.java:1474)
	at java.net.HttpURLConnection.getResponseCode(HttpURLConnection.java:480)
	at sun.net.www.protocol.https.HttpsURLConnectionImpl.getResponseCode(HttpsURLConnectionImpl.java:338)
	at com.intellij.util.io.HttpRequests.openConnection(HttpRequests.java:609)
	at com.intellij.util.io.HttpRequests.access$300(HttpRequests.java:59)
	at com.intellij.util.io.HttpRequests$RequestImpl.getConnection(HttpRequests.java:378)
	at com.intellij.util.io.HttpRequests$RequestImpl.getInputStream(HttpRequests.java:387)
	at com.intellij.util.io.HttpRequests$RequestImpl.getReader(HttpRequests.java:405)
	at com.intellij.util.io.HttpRequests$RequestImpl.getReader(HttpRequests.java:398)
	at com.intellij.facet.frameworks.SettingsConnectionService.lambda$readSettings$0(SettingsConnectionService.java:73)
	at com.intellij.util.io.HttpRequests.doProcess(HttpRequests.java:523)
	at com.intellij.util.io.HttpRequests.process(HttpRequests.java:499)
	at com.intellij.util.io.HttpRequests.access$100(HttpRequests.java:59)
	at com.intellij.util.io.HttpRequests$RequestBuilderImpl.connect(HttpRequests.java:352)
	at com.intellij.util.io.RequestBuilder.connect(RequestBuilder.java:64)
	at com.intellij.facet.frameworks.SettingsConnectionService.readSettings(SettingsConnectionService.java:70)
	at com.intellij.facet.frameworks.SettingsConnectionService.getSettingValue(SettingsConnectionService.java:97)
	at com.intellij.internal.statistic.service.fus.FUStatisticsSettingsService.getApprovedGroups(FUStatisticsSettingsService.java:40)
	at com.intellij.internal.statistic.service.fus.collectors.FUStatisticsPersistence.persistProjectUsages(FUStatisticsPersistence.java:54)
	at com.intellij.internal.statistic.updater.StatisticsJobsScheduler$2.lambda$projectOpened$0(StatisticsJobsScheduler.java:112)
	at java.util.concurrent.Executors$RunnableAdapter.call(Executors.java:511)
	at java.util.concurrent.FutureTask.runAndReset(FutureTask.java:308)
	at com.intellij.util.concurrency.SchedulingWrapper$MyScheduledFutureTask.run(SchedulingWrapper.java:230)
	at java.util.concurrent.ThreadPoolExecutor.runWorker(ThreadPoolExecutor.java:1142)
	at java.util.concurrent.ThreadPoolExecutor$Worker.run(ThreadPoolExecutor.java:617)
	at java.lang.Thread.run(Thread.java:745)
2019-01-17 20:13:12,236 [5761206]   WARN - orks.SettingsConnectionService - www.jetbrains.com 
java.net.UnknownHostException: www.jetbrains.com
	at java.net.AbstractPlainSocketImpl.connect(AbstractPlainSocketImpl.java:184)
	at java.net.PlainSocketImpl.connect(PlainSocketImpl.java:172)
	at java.net.SocksSocketImpl.connect(SocksSocketImpl.java:392)
	at java.net.Socket.connect(Socket.java:589)
	at sun.security.ssl.SSLSocketImpl.connect(SSLSocketImpl.java:673)
	at sun.net.NetworkClient.doConnect(NetworkClient.java:175)
	at sun.net.www.http.HttpClient.openServer(HttpClient.java:432)
	at sun.net.www.http.HttpClient.openServer(HttpClient.java:527)
	at sun.net.www.protocol.https.HttpsClient.<init>(HttpsClient.java:264)
	at sun.net.www.protocol.https.HttpsClient.New(HttpsClient.java:367)
	at sun.net.www.protocol.https.AbstractDelegateHttpsURLConnection.getNewHttpClient(AbstractDelegateHttpsURLConnection.java:191)
	at sun.net.www.protocol.http.HttpURLConnection.plainConnect0(HttpURLConnection.java:1181)
	at sun.net.www.protocol.http.HttpURLConnection.plainConnect(HttpURLConnection.java:1032)
	at sun.net.www.protocol.https.AbstractDelegateHttpsURLConnection.connect(AbstractDelegateHttpsURLConnection.java:177)
	at sun.net.www.protocol.http.HttpURLConnection.getInputStream0(HttpURLConnection.java:1546)
	at sun.net.www.protocol.http.HttpURLConnection.getInputStream(HttpURLConnection.java:1474)
	at java.net.HttpURLConnection.getResponseCode(HttpURLConnection.java:480)
	at sun.net.www.protocol.https.HttpsURLConnectionImpl.getResponseCode(HttpsURLConnectionImpl.java:338)
	at com.intellij.util.io.HttpRequests.openConnection(HttpRequests.java:609)
	at com.intellij.util.io.HttpRequests.access$300(HttpRequests.java:59)
	at com.intellij.util.io.HttpRequests$RequestImpl.getConnection(HttpRequests.java:378)
	at com.intellij.util.io.HttpRequests$RequestImpl.getInputStream(HttpRequests.java:387)
	at com.intellij.util.io.HttpRequests$RequestImpl.getReader(HttpRequests.java:405)
	at com.intellij.util.io.HttpRequests$RequestImpl.getReader(HttpRequests.java:398)
	at com.intellij.facet.frameworks.SettingsConnectionService.lambda$readSettings$0(SettingsConnectionService.java:73)
	at com.intellij.util.io.HttpRequests.doProcess(HttpRequests.java:523)
	at com.intellij.util.io.HttpRequests.process(HttpRequests.java:499)
	at com.intellij.util.io.HttpRequests.access$100(HttpRequests.java:59)
	at com.intellij.util.io.HttpRequests$RequestBuilderImpl.connect(HttpRequests.java:352)
	at com.intellij.util.io.RequestBuilder.connect(RequestBuilder.java:64)
	at com.intellij.facet.frameworks.SettingsConnectionService.readSettings(SettingsConnectionService.java:70)
	at com.intellij.facet.frameworks.SettingsConnectionService.getSettingValue(SettingsConnectionService.java:97)
	at com.intellij.facet.frameworks.SettingsConnectionService.getServiceUrl(SettingsConnectionService.java:90)
	at com.intellij.internal.statistic.eventLog.EventLogStatisticsService.send(EventLogStatisticsService.java:45)
	at com.intellij.internal.statistic.eventLog.EventLogStatisticsService.send(EventLogStatisticsService.java:32)
	at java.util.concurrent.FutureTask.run(FutureTask.java:266)
	at com.intellij.util.concurrency.SchedulingWrapper$MyScheduledFutureTask.run(SchedulingWrapper.java:228)
	at java.util.concurrent.ThreadPoolExecutor.runWorker(ThreadPoolExecutor.java:1142)
	at java.util.concurrent.ThreadPoolExecutor$Worker.run(ThreadPoolExecutor.java:617)
	at java.lang.Thread.run(Thread.java:745)
2019-01-17 20:31:30,372 [6859342]  ERROR - roject.impl.ProjectManagerImpl - Component@1b911b2a 
java.lang.NullPointerException
	at Component.projectClosed(Component.java:52)
	at com.intellij.openapi.project.impl.ProjectManagerImpl.fireProjectClosed(ProjectManagerImpl.java:816)
	at com.intellij.openapi.project.impl.ProjectManagerImpl.lambda$closeProject$15(ProjectManagerImpl.java:698)
	at com.intellij.openapi.application.impl.ApplicationImpl.runWriteAction(ApplicationImpl.java:1057)
	at com.intellij.openapi.project.impl.ProjectManagerImpl.closeProject(ProjectManagerImpl.java:695)
	at com.intellij.openapi.project.impl.ProjectManagerImpl.closeAndDisposeAllProjects(ProjectManagerImpl.java:635)
	at com.intellij.openapi.application.impl.ApplicationImpl.lambda$disposeSelf$6(ApplicationImpl.java:241)
	at com.intellij.openapi.command.impl.CoreCommandProcessor.executeCommand(CoreCommandProcessor.java:220)
	at com.intellij.openapi.command.impl.CoreCommandProcessor.executeCommand(CoreCommandProcessor.java:178)
	at com.intellij.openapi.command.impl.CoreCommandProcessor.executeCommand(CoreCommandProcessor.java:168)
	at com.intellij.openapi.command.impl.CoreCommandProcessor.executeCommand(CoreCommandProcessor.java:154)
	at com.intellij.openapi.application.impl.ApplicationImpl.disposeSelf(ApplicationImpl.java:239)
	at com.intellij.openapi.application.impl.ApplicationImpl.doExit(ApplicationImpl.java:818)
	at com.intellij.openapi.application.impl.ApplicationImpl.exit(ApplicationImpl.java:788)
	at com.intellij.openapi.application.impl.ApplicationImpl.exit(ApplicationImpl.java:777)
	at com.intellij.openapi.application.impl.ApplicationImpl.exit(ApplicationImpl.java:773)
	at com.intellij.openapi.application.impl.ApplicationImpl.exit(ApplicationImpl.java:740)
	at com.intellij.openapi.application.impl.ApplicationImpl.exit(ApplicationImpl.java:735)
	at com.intellij.openapi.wm.impl.IdeFrameImpl$3.windowClosing(IdeFrameImpl.java:275)
	at java.awt.AWTEventMulticaster.windowClosing(AWTEventMulticaster.java:349)
	at java.awt.Window.processWindowEvent(Window.java:2054)
	at javax.swing.JFrame.processWindowEvent(JFrame.java:305)
	at java.awt.Window.processEvent(Window.java:2013)
	at java.awt.Component.dispatchEventImpl(Component.java:4903)
	at java.awt.Container.dispatchEventImpl(Container.java:2295)
	at java.awt.Window.dispatchEventImpl(Window.java:2746)
	at java.awt.Component.dispatchEvent(Component.java:4725)
	at java.awt.EventQueue.dispatchEventImpl(EventQueue.java:764)
	at java.awt.EventQueue.access$500(EventQueue.java:98)
	at java.awt.EventQueue$3.run(EventQueue.java:715)
	at java.awt.EventQueue$3.run(EventQueue.java:709)
	at java.security.AccessController.doPrivileged(Native Method)
	at java.security.ProtectionDomain$JavaSecurityAccessImpl.doIntersectionPrivilege(ProtectionDomain.java:80)
	at java.security.ProtectionDomain$JavaSecurityAccessImpl.doIntersectionPrivilege(ProtectionDomain.java:90)
	at java.awt.EventQueue$4.run(EventQueue.java:737)
	at java.awt.EventQueue$4.run(EventQueue.java:735)
	at java.security.AccessController.doPrivileged(Native Method)
	at java.security.ProtectionDomain$JavaSecurityAccessImpl.doIntersectionPrivilege(ProtectionDomain.java:80)
	at java.awt.EventQueue.dispatchEvent(EventQueue.java:734)
	at com.intellij.ide.IdeEventQueue.defaultDispatchEvent(IdeEventQueue.java:719)
	at com.intellij.ide.IdeEventQueue._dispatchEvent(IdeEventQueue.java:668)
	at com.intellij.ide.IdeEventQueue.dispatchEvent(IdeEventQueue.java:363)
	at java.awt.EventDispatchThread.pumpOneEventForFilters(EventDispatchThread.java:201)
	at java.awt.EventDispatchThread.pumpEventsForFilter(EventDispatchThread.java:116)
	at java.awt.EventDispatchThread.pumpEventsForHierarchy(EventDispatchThread.java:105)
	at java.awt.EventDispatchThread.pumpEvents(EventDispatchThread.java:101)
	at java.awt.EventDispatchThread.pumpEvents(EventDispatchThread.java:93)
	at java.awt.EventDispatchThread.run(EventDispatchThread.java:82)
2019-01-17 20:31:30,374 [6859344]  ERROR - roject.impl.ProjectManagerImpl - IntelliJ IDEA 2018.3.2  Build #IC-183.4886.37 
2019-01-17 20:31:30,374 [6859344]  ERROR - roject.impl.ProjectManagerImpl - JDK: 1.8.0_152-release; VM: OpenJDK 64-Bit Server VM; Vendor: JetBrains s.r.o 
2019-01-17 20:31:30,374 [6859344]  ERROR - roject.impl.ProjectManagerImpl - OS: Windows 10 
2019-01-17 20:31:30,384 [6859354]  ERROR - roject.impl.ProjectManagerImpl - Plugin to blame: Time Tracker version: 1.0-SNAPSHOT 
2019-01-17 20:31:30,384 [6859354]  ERROR - roject.impl.ProjectManagerImpl - Last Action:  
2019-01-17 20:31:30,385 [6859355]  ERROR - roject.impl.ProjectManagerImpl - Current Command: Exit 
2019-01-17 20:31:30,898 [6859868]   INFO - stubs.SerializationManagerImpl - START StubSerializationManager SHUTDOWN 
2019-01-17 20:31:30,899 [6859869]   INFO - stubs.SerializationManagerImpl - END StubSerializationManager SHUTDOWN 
2019-01-17 20:31:30,899 [6859869]   INFO - il.indexing.FileBasedIndexImpl - START INDEX SHUTDOWN 
2019-01-17 20:31:30,920 [6859890]   INFO - il.indexing.FileBasedIndexImpl - END INDEX SHUTDOWN 
2019-01-17 20:31:30,939 [6859909]   INFO - org.jetbrains.io.BuiltInServer - web server stopped 
2019-01-17 20:31:30,961 [6859931]   INFO - Types.impl.FileTypeManagerImpl - FileTypeManager: 0 auto-detected files
Elapsed time on auto-detect: 0 ms 
2019-01-17 20:31:30,971 [6859941]   INFO - pl.local.NativeFileWatcherImpl - Watcher terminated with exit code 0 
2019-01-17 20:31:30,982 [6859952]   INFO - newvfs.persistent.PersistentFS - VFS dispose started 
2019-01-17 20:31:31,042 [6860012]   INFO - newvfs.persistent.PersistentFS - VFS dispose completed 
2019-01-17 20:31:31,046 [6860016]   INFO - plication.impl.ApplicationImpl - Write action Statistics:
Event number:     25
Total time spent: 494ms
Average duration: 19ms
Median  duration: 8ms
Max     duration: 213ms (it was 'write action (class com.intellij.openapi.project.impl.ProjectManagerImpl$$Lambda$1278/1467362194)') 
2019-01-17 20:31:31,047 [6860017]   INFO - plication.impl.ApplicationImpl - AnAction.update() Statistics:
Event number:     4809
Total time spent: 66ms
Average duration: 0ms
Median  duration: 0ms
Max     duration: 22ms (it was 'Run anything action update (class com.intellij.ide.actions.runAnything.RunAnythingAction)') 
2019-01-17 20:31:31,047 [6860017]   INFO - plication.impl.ApplicationImpl - Global instance threads created counter = 31; ProcessIOExecutorService threads: 3 
2019-01-17 20:31:31,051 [6860021]   INFO -        #com.intellij.idea.Main - ------------------------------------------------------ IDE SHUTDOWN ------------------------------------------------------ 
2019-01-17 20:31:31,052 [6860022]   INFO - org.jetbrains.io.BuiltInServer - web server stopped 
2019-03-04 21:48:30,340 [      0]   INFO -        #com.intellij.idea.Main - ------------------------------------------------------ IDE STARTED ------------------------------------------------------ 
2019-03-04 21:48:30,379 [     39]   INFO -        #com.intellij.idea.Main - IDE: IntelliJ IDEA (build #IC-183.4886.37, 17 Dec 2018 19:30) 
2019-03-04 21:48:30,379 [     39]   INFO -        #com.intellij.idea.Main - OS: Windows 10 (10.0, amd64) 
2019-03-04 21:48:30,379 [     39]   INFO -        #com.intellij.idea.Main - JRE: 1.8.0_152-release-1343-b26 (JetBrains s.r.o) 
2019-03-04 21:48:30,379 [     39]   INFO -        #com.intellij.idea.Main - JVM: 25.152-b26 (OpenJDK 64-Bit Server VM) 
2019-03-04 21:48:30,398 [     58]   INFO -        #com.intellij.idea.Main - JVM Args: -Didea.classpath.index.enabled=false -Didea.config.path=C:\Users\Acer Nitro\IdeaProjects\Frtifact\build\idea-sandbox\config -Didea.is.internal=true -Didea.platform.prefix=Idea -Didea.plugins.path=C:\Users\Acer Nitro\IdeaProjects\Frtifact\build\idea-sandbox\plugins -Didea.required.plugins.id=com.your.company.unique.plugin.id -Didea.system.path=C:\Users\Acer Nitro\IdeaProjects\Frtifact\build\idea-sandbox\system -XX:MaxPermSize=250m -Xms256m -Xmx512m -Dfile.encoding=windows-1251 -Duser.country=RU -Duser.language=ru -Duser.variant -ea 
2019-03-04 21:48:30,398 [     58]   INFO -        #com.intellij.idea.Main - ext: C:\Users\Acer Nitro\.gradle\caches\modules-2\files-2.1\com.jetbrains\jbre\jbrex8u152b1343.26_windows_x64\jre\lib\ext: [access-bridge-64.jar, cldrdata.jar, dnsns.jar, jaccess.jar, jfxrt.jar, localedata.jar, meta-index, nashorn.jar, sunec.jar, sunjce_provider.jar, sunmscapi.jar, sunpkcs11.jar, zipfs.jar] 
2019-03-04 21:48:30,398 [     58]   INFO -        #com.intellij.idea.Main - charsets: JNU=Cp1251 file=windows-1251 
2019-03-04 21:48:30,444 [    104]   INFO -        #com.intellij.idea.Main - JNA library (64-bit) loaded in 45 ms 
2019-03-04 21:48:30,464 [    124]   INFO - penapi.util.io.win32.IdeaWin32 - Native filesystem for Windows is operational 
2019-03-04 21:48:30,686 [    346]   INFO -     #com.intellij.util.ui.JBUI - User scale factor: 1.0 
2019-03-04 21:48:31,055 [    715]   INFO -     #com.intellij.util.ui.JBUI - System scale factor: 1.0 (JRE-managed HiDPI) 
2019-03-04 21:48:32,366 [   2026]   INFO - m.intellij.ui.mac.touchbar.NST - OS doesn't support touchbar, skip nst loading 
2019-03-04 21:48:37,338 [   6998]   INFO - .intellij.idea.IdeaApplication - CPU cores: 8; ForkJoinPool.commonPool: java.util.concurrent.ForkJoinPool@4cbe9ef3[Running, parallelism = 7, size = 0, active = 0, running = 0, steals = 0, tasks = 0, submissions = 0]; factory: com.intellij.concurrency.IdeaForkJoinWorkerThreadFactory@152b1ef0 
2019-03-04 21:48:39,427 [   9087]   INFO - llij.ide.plugins.PluginManager - Cannot find optional descriptor duplicates-groovy.xml 
2019-03-04 21:48:42,407 [  12067]   INFO - llij.ide.plugins.PluginManager - 36 plugins initialized in 4884 ms 
2019-03-04 21:48:42,407 [  12067]   INFO - llij.ide.plugins.PluginManager - Loaded bundled plugins: Android Support (10.3.1.2), Ant Support (1.0), Bytecode Viewer (0.1), CVS Integration (11), Copyright (8.1), Coverage (183.4886.37), Eclipse Integration (3.0), EditorConfig (183.4886.37), Git Integration (8.1), GitHub (183.4886.37), Gradle (183.4886.37), Groovy (9.0), I18n for Java (183.4886.37), IDEA CORE (183.4886.37), IntelliJ Configuration Script (183.4886.37), IntelliLang (8.0), JUnit (1.0), Java Bytecode Decompiler (183.4886.37), Java Stream Debugger (183.4886.37), JavaFX (1.0), Kotlin (1.3.10-release-IJ2018.3-1), Maven Integration (183.4886.37), Mercurial Integration (10.0), Plugin DevKit (1.0), Properties Support (183.4886.37), Settings Repository (183.4886.37), Smali Support (1.0), Subversion Integration (1.1), Task Management (1.0), Terminal (0.1), TestNG-J (8.0), UI Designer (183.4886.37), XPathView + XSLT Support (4), XSLT-Debugger (1.4), YAML (183.4886.37) 
2019-03-04 21:48:42,407 [  12067]   INFO - llij.ide.plugins.PluginManager - Loaded custom plugins: Time Tracker (1.0-SNAPSHOT) 
2019-03-04 21:48:56,379 [  26039]   INFO - pi.util.registry.RegistryState - Registry values changed by user: 
2019-03-04 21:48:56,380 [  26040]   INFO - pi.util.registry.RegistryState -   java.completion.argument.hints.internal = false 
2019-03-04 21:48:56,396 [  26056]   INFO - pi.util.registry.RegistryState - Experimental features enabled for user: inline.browse.button 
2019-03-04 21:48:56,451 [  26111]   INFO - ellij.util.io.PagedFileStorage - lower=100; upper=435; buffer=10; max=435 
2019-03-04 21:48:56,544 [  26204]   INFO - pl.local.NativeFileWatcherImpl - Starting file watcher: C:\Users\Acer Nitro\.gradle\caches\modules-2\files-2.1\com.jetbrains.intellij.idea\ideaIC\2018.3.2\23b321b525e54fefd5a5e47371077a981833fb37\ideaIC-2018.3.2\bin\win\fsnotifier64.exe 
2019-03-04 21:48:56,592 [  26252]   INFO - pl.local.NativeFileWatcherImpl - Native file watcher is operational. 
2019-03-04 21:49:00,649 [  30309]   INFO - j.ide.ui.OptionsTopHitProvider - 185 ms spent to cache options in application 
2019-03-04 21:49:00,649 [  30309]   INFO - .openapi.application.Preloader - com.intellij.ide.ui.OptionsTopHitProvider$Activity took 186 ms 
2019-03-04 21:49:00,752 [  30412]   INFO - til.net.ssl.CertificateManager - Default SSL context initialized 
2019-03-04 21:49:00,772 [  30432]   INFO - rains.ide.BuiltInServerManager - built-in server started, port 63343 
2019-03-04 21:49:00,853 [  30513]   INFO - gs.impl.UpdateCheckerComponent - channel: release 
2019-03-04 21:49:01,214 [  30874]   INFO - il.indexing.FileBasedIndexImpl - Index exts enumerated:184, number of extensions:49 
2019-03-04 21:49:01,232 [  30892]   INFO - il.indexing.FileBasedIndexImpl - Index scheduled:17 
2019-03-04 21:49:01,289 [  30949]   INFO - tellij.psi.stubs.StubIndexImpl - All stub exts enumerated:33, number of extensions:50 
2019-03-04 21:49:01,290 [  30950]   INFO - tellij.psi.stubs.StubIndexImpl - stub exts update scheduled:1 
2019-03-04 21:49:01,845 [  31505]   INFO - plication.impl.ApplicationImpl - 85 application components initialized in 24373ms 
2019-03-04 21:49:01,867 [  31527]   INFO - .intellij.idea.IdeaApplication - App initialization took 38940 ms 
2019-03-04 21:49:01,867 [  31527]   INFO - llij.ide.plugins.PluginManager - org.jetbrains.kotlin loaded 438 classes 
2019-03-04 21:49:01,867 [  31527]   INFO - llij.ide.plugins.PluginManager - org.intellij.groovy loaded 367 classes 
2019-03-04 21:49:01,867 [  31527]   INFO - llij.ide.plugins.PluginManager - org.jetbrains.android loaded 159 classes 
2019-03-04 21:49:01,867 [  31527]   INFO - llij.ide.plugins.PluginManager - org.jetbrains.idea.maven loaded 46 classes 
2019-03-04 21:49:01,867 [  31527]   INFO - llij.ide.plugins.PluginManager - CVS loaded 38 classes 
2019-03-04 21:49:01,867 [  31527]   INFO - llij.ide.plugins.PluginManager - org.jetbrains.settingsRepository loaded 30 classes 
2019-03-04 21:49:01,867 [  31527]   INFO - llij.ide.plugins.PluginManager - com.intellij.properties loaded 23 classes 
2019-03-04 21:49:01,867 [  31527]   INFO - llij.ide.plugins.PluginManager - XPathView loaded 20 classes 
2019-03-04 21:49:01,867 [  31527]   INFO - llij.ide.plugins.PluginManager - org.editorconfig.editorconfigjetbrains loaded 15 classes 
2019-03-04 21:49:01,867 [  31527]   INFO - llij.ide.plugins.PluginManager - org.jetbrains.plugins.yaml loaded 14 classes 
2019-03-04 21:49:01,868 [  31528]   INFO - llij.ide.plugins.PluginManager - hg4idea loaded 13 classes 
2019-03-04 21:49:01,868 [  31528]   INFO - llij.ide.plugins.PluginManager - Subversion loaded 12 classes 
2019-03-04 21:49:01,868 [  31528]   INFO - llij.ide.plugins.PluginManager - Git4Idea loaded 11 classes 
2019-03-04 21:49:01,868 [  31528]   INFO - llij.ide.plugins.PluginManager - org.jetbrains.plugins.javaFX loaded 10 classes 
2019-03-04 21:49:01,868 [  31528]   INFO - llij.ide.plugins.PluginManager - com.intellij.uiDesigner loaded 9 classes 
2019-03-04 21:49:01,868 [  31528]   INFO - llij.ide.plugins.PluginManager - DevKit loaded 7 classes 
2019-03-04 21:49:01,868 [  31528]   INFO - llij.ide.plugins.PluginManager - AntSupport loaded 6 classes 
2019-03-04 21:49:01,868 [  31528]   INFO - llij.ide.plugins.PluginManager - org.jetbrains.plugins.github loaded 5 classes 
2019-03-04 21:49:01,868 [  31528]   INFO - llij.ide.plugins.PluginManager - org.jetbrains.plugins.gradle loaded 5 classes 
2019-03-04 21:49:01,868 [  31528]   INFO - llij.ide.plugins.PluginManager - com.intellij.tasks loaded 7 classes 
2019-03-04 21:49:01,868 [  31528]   INFO - llij.ide.plugins.PluginManager - org.intellij.intelliLang loaded 4 classes 
2019-03-04 21:49:01,868 [  31528]   INFO - llij.ide.plugins.PluginManager - com.android.tools.idea.smali loaded 3 classes 
2019-03-04 21:49:01,868 [  31528]   INFO - llij.ide.plugins.PluginManager - org.jetbrains.idea.eclipse loaded 2 classes 
2019-03-04 21:49:01,868 [  31528]   INFO - llij.ide.plugins.PluginManager - Coverage loaded 1 classes 
2019-03-04 21:49:01,868 [  31528]   INFO - llij.ide.plugins.PluginManager - com.intellij.copyright loaded 1 classes 
2019-03-04 21:49:01,868 [  31528]   INFO - llij.ide.plugins.PluginManager - com.intellij.java-i18n loaded 1 classes 
2019-03-04 21:49:03,153 [  32813]   INFO - pl$FileIndexDataInitialization - Initialization done:1921 
2019-03-04 21:49:03,252 [  32912]   INFO - com.intellij.ide.ui.UISettings - Loaded: fontSize=12, fontScale=1.0; restored: fontSize=12, fontScale=1.0 
2019-03-04 21:49:03,645 [  33305]   INFO - .openapi.application.Preloader - com.intellij.openapi.actionSystem.impl.ActionPreloader took 2993 ms 
2019-03-04 21:49:03,692 [  33352]   INFO - exImpl$StubIndexInitialization - Initialization done:537 
2019-03-04 21:49:04,998 [  34658]   INFO - ellij.project.impl.ProjectImpl - 161 project components initialized in 2638 ms 
2019-03-04 21:49:05,181 [  34841]   INFO - le.impl.ModuleManagerComponent - 1 module(s) loaded in 167 ms 
2019-03-04 21:49:05,269 [  34929]   INFO - j.ide.script.IdeStartupScripts - 0 startup script(s) found 
2019-03-04 21:49:05,466 [  35126]   INFO - rojectCodeStyleSettingsManager - Initialized from default code style settings. 
2019-03-04 21:49:05,494 [  35154]   INFO - .openapi.application.Preloader - com.intellij.ide.ui.search.SearchableOptionPreloader took 1848 ms 
2019-03-04 21:49:05,838 [  35498]   INFO - .openapi.application.Preloader - com.intellij.codeInsight.completion.CompletionPreloader took 342 ms 
2019-03-04 21:49:05,854 [  35514]   INFO - .openapi.application.Preloader - com.intellij.ide.actions.GotoClassPresentationUpdater took 15 ms 
2019-03-04 21:49:06,908 [  36568]   INFO - penapi.project.DumbServiceImpl - Running dumb mode task: com.intellij.util.indexing.UnindexedFilesUpdater@69d030cf 
2019-03-04 21:49:07,375 [  37035]   INFO - .diagnostic.PerformanceWatcher - Pushing properties took 466ms; general responsiveness: ok; EDT responsiveness: ok 
2019-03-04 21:49:07,894 [  37554]   INFO - ntellij.internal.IconsLoadTime - IMG load time: ide_startup=52,81ms, average=2,40ms, median=1,08ms; number of icons: 22 
2019-03-04 21:49:07,895 [  37555]   INFO - ntellij.internal.IconsLoadTime - SVG load time: ide_startup=190,36ms, average=5,29ms, median=7,25ms; number of icons: 36 
2019-03-04 21:49:07,957 [  37617]   INFO - ge.ExternalProjectsDataStorage - Loaded external projects data in 4 millis 
2019-03-04 21:49:08,005 [  37665]   INFO - .diagnostic.PerformanceWatcher - Post-startup activities under progress took 1831ms; general responsiveness: ok; EDT responsiveness: 0/2 sluggish, 1/2 very slow 
2019-03-04 21:49:08,791 [  38451]   INFO - j.ide.ui.OptionsTopHitProvider - 292 ms spent on EDT to cache options in application 
2019-03-04 21:49:08,829 [  38489]   INFO - ellij.project.impl.ProjectImpl - 20 project components initialized in 21 ms 
2019-03-04 21:49:08,850 [  38510]   INFO - tartup.impl.StartupManagerImpl - C:/Users/Acer Nitro/IdeaProjects/untitled2/.idea case-sensitivity: expected=false actual=false 
2019-03-04 21:49:08,864 [  38524]   INFO - pl.projectlevelman.NewMappings - VCS Root: [] - [<Project>] 
2019-03-04 21:49:09,077 [  38737]   INFO - tor.impl.FileEditorManagerImpl - Project opening took 6805 ms 
2019-03-04 21:49:09,077 [  38737]   INFO - llij.ide.plugins.PluginManager - org.jetbrains.kotlin loaded 1414 classes 
2019-03-04 21:49:09,077 [  38737]   INFO - llij.ide.plugins.PluginManager - org.jetbrains.android loaded 1214 classes 
2019-03-04 21:49:09,077 [  38737]   INFO - llij.ide.plugins.PluginManager - org.intellij.groovy loaded 490 classes 
2019-03-04 21:49:09,077 [  38737]   INFO - llij.ide.plugins.PluginManager - org.jetbrains.idea.maven loaded 215 classes 
2019-03-04 21:49:09,077 [  38737]   INFO - llij.ide.plugins.PluginManager - com.intellij.uiDesigner loaded 208 classes 
2019-03-04 21:49:09,077 [  38737]   INFO - llij.ide.plugins.PluginManager - org.jetbrains.debugger.streams loaded 129 classes 
2019-03-04 21:49:09,077 [  38737]   INFO - llij.ide.plugins.PluginManager - Git4Idea loaded 111 classes 
2019-03-04 21:49:09,078 [  38738]   INFO - llij.ide.plugins.PluginManager - com.intellij.tasks loaded 99 classes 
2019-03-04 21:49:09,078 [  38738]   INFO - llij.ide.plugins.PluginManager - CVS loaded 79 classes 
2019-03-04 21:49:09,078 [  38738]   INFO - llij.ide.plugins.PluginManager - org.jetbrains.plugins.gradle loaded 67 classes 
2019-03-04 21:49:09,078 [  38738]   INFO - llij.ide.plugins.PluginManager - XPathView loaded 63 classes 
2019-03-04 21:49:09,078 [  38738]   INFO - llij.ide.plugins.PluginManager - Subversion loaded 60 classes 
2019-03-04 21:49:09,078 [  38738]   INFO - llij.ide.plugins.PluginManager - com.intellij.properties loaded 57 classes 
2019-03-04 21:49:09,078 [  38738]   INFO - llij.ide.plugins.PluginManager - org.editorconfig.editorconfigjetbrains loaded 52 classes 
2019-03-04 21:49:09,078 [  38738]   INFO - llij.ide.plugins.PluginManager - hg4idea loaded 45 classes 
2019-03-04 21:49:09,078 [  38738]   INFO - llij.ide.plugins.PluginManager - DevKit loaded 40 classes 
2019-03-04 21:49:09,078 [  38738]   INFO - llij.ide.plugins.PluginManager - org.jetbrains.settingsRepository loaded 37 classes 
2019-03-04 21:49:09,078 [  38738]   INFO - llij.ide.plugins.PluginManager - org.jetbrains.plugins.yaml loaded 29 classes 
2019-03-04 21:49:09,078 [  38738]   INFO - llij.ide.plugins.PluginManager - org.jetbrains.plugins.github loaded 28 classes 
2019-03-04 21:49:09,078 [  38738]   INFO - llij.ide.plugins.PluginManager - AntSupport loaded 26 classes 
2019-03-04 21:49:09,078 [  38738]   INFO - llij.ide.plugins.PluginManager - org.jetbrains.plugins.javaFX loaded 22 classes 
2019-03-04 21:49:09,078 [  38738]   INFO - llij.ide.plugins.PluginManager - Coverage loaded 19 classes 
2019-03-04 21:49:09,078 [  38738]   INFO - llij.ide.plugins.PluginManager - org.jetbrains.plugins.terminal loaded 15 classes 
2019-03-04 21:49:09,078 [  38738]   INFO - llij.ide.plugins.PluginManager - org.jetbrains.idea.eclipse loaded 11 classes 
2019-03-04 21:49:09,078 [  38738]   INFO - llij.ide.plugins.PluginManager - org.jetbrains.java.decompiler loaded 7 classes 
2019-03-04 21:49:09,078 [  38738]   INFO - llij.ide.plugins.PluginManager - org.intellij.intelliLang loaded 6 classes 
2019-03-04 21:49:09,078 [  38738]   INFO - llij.ide.plugins.PluginManager - com.intellij.copyright loaded 6 classes 
2019-03-04 21:49:09,078 [  38738]   INFO - llij.ide.plugins.PluginManager - com.android.tools.idea.smali loaded 5 classes 
2019-03-04 21:49:09,078 [  38738]   INFO - llij.ide.plugins.PluginManager - com.intellij.java-i18n loaded 4 classes 
2019-03-04 21:49:09,078 [  38738]   INFO - llij.ide.plugins.PluginManager - com.your.company.unique.plugin.id loaded 3 classes 
2019-03-04 21:49:09,078 [  38738]   INFO - llij.ide.plugins.PluginManager - TestNG-J loaded 3 classes 
2019-03-04 21:49:09,078 [  38738]   INFO - llij.ide.plugins.PluginManager - JUnit loaded 3 classes 
2019-03-04 21:49:09,078 [  38738]   INFO - llij.ide.plugins.PluginManager - XSLT-Debugger loaded 2 classes 
2019-03-04 21:49:09,078 [  38738]   INFO - llij.ide.plugins.PluginManager - ByteCodeViewer loaded 2 classes 
2019-03-04 21:49:09,696 [  39356]   INFO - .diagnostic.PerformanceWatcher - Indexable file iteration took 2250ms; general responsiveness: ok; EDT responsiveness: 1/3 sluggish 
2019-03-04 21:49:09,698 [  39358]   INFO - penapi.project.DumbServiceImpl - Running dumb mode task: initial refresh 
2019-03-04 21:49:09,700 [  39360]   INFO - penapi.project.DumbServiceImpl - Running dumb mode task: com.intellij.util.indexing.FileBasedIndexProjectHandler$4@6ccc2cb3 [Project 'C:\Users\Acer Nitro\IdeaProjects\untitled2' untitled2, %project_path%/../../.gradle/caches/modules-2/files-2.1/com.jetbrains.intellij.idea/ideaIC/2018.3.2/23b321b525e54fefd5a5e47371077a981833fb37/ideaIC-2018.3.2/plugins/testng/lib/testng-plugin.jar!/resources/standardSchemas/testng-1.0.dtd, %project_path%/../../.gradle/caches/modules-2/files-2.1/com.jetbrains.intellij.idea/ideaIC/2018.3.2/23b321b525e54fefd5a5e47371077a981833fb37/ideaIC-2018.3.2/lib/platform-impl.jar!/resources/html5-schema/mml3/Makefile, %project_path%/../../.gradle/caches/modules-2/files-2.1/com.jetbrains.intellij.idea/ideaIC/2018.3.2/23b321b525e54fefd5a5e47371077a981833fb37/ideaIC-2018.3.2/lib/platform-impl.jar!/resources/html5-schema/svg11/svg-cursor.rnc, %project_path%/../../.gradle/caches/modules-2/files-2.1/com.jetbrains.intellij.idea/ideaIC/2018.3.2/23b321b525e54fefd5a5e47371077a981833fb37/ideaIC-2018.3.2/lib/platform-impl.jar!/standardSchemas/xhtml11/xhtml-datatypes-1.mod, %project_path%/../../.gradle/caches/modules-2/files-2.1/com.jetbrains.intellij.idea/ideaIC/2018.3.2/23b321b525e54fefd5a5e47371077a981833fb37/ideaIC-2018.3.2/plugins/properties/lib/properties.jar!/schemas/properties.dtd, %project_path%/../../.gradle/caches/modules-2/files-2.1/com.jetbrains.intellij.idea/ideaIC/2018.3.2/23b321b525e54fefd5a5e47371077a981833fb37/ideaIC-2018.3.2/lib/platform-impl.jar!/resources/html5-schema/svg11/svg11-basic.rnc, %project_path%/../../.gradle/caches/modules-2/files-2.1/com.jetbrains.intellij.idea/ideaIC/2018.3.2/23b321b525e54fefd5a5e47371077a981833fb37/ideaIC-2018.3.2/lib/platform-impl.jar!/resources/html5-schema/mml3/mathml3-strict-content.rnc, %project_path%/../../.gradle/caches/modules-2/files-2.1/com.jetbrains.intellij.idea/ideaIC/2018.3.2/23b321b525e54fefd5a5e47371077a981833fb37/ideaIC-2018.3.2/lib/platform-impl.jar!/resources/html5-schema/svg11/svg11-tiny-inc.rnc, %project_path%/../../.gradle/caches/modules-2/files-2.1/com.jetbrains.intellij.idea/ideaIC/2018.3.2/23b321b525e54fefd5a5e47371077a981833fb37/ideaIC-2018.3.2/lib/platform-impl.jar!/standardSchemas/xhtml11/xhtml-symbol.ent, %project_path%/../../.gradle/caches/modules-2/files-2.1/com.jetbrains.intellij.idea/ideaIC/2018.3.2/23b321b525e54fefd5a5e47371077a981833fb37/ideaIC-2018.3.2/lib/platform-impl.jar!/resources/html5-schema/mml3/mathml3-inc.rnc, %project_path%/../../.gradle/caches/modules-2/files-2.1/com.jetbrains.intellij.idea/ideaIC/2018.3.2/23b321b525e54fefd5a5e47371077a981833fb37/ideaIC-2018.3.2/lib/platform-impl.jar!/standardSchemas/xhtml11/xhtml-inlphras-1.mod, %project_path%/../../.gradle/caches/modules-2/files-2.1/com.jetbrains.intellij.idea/ideaIC/2018.3.2/23b321b525e54fefd5a5e47371077a981833fb37/ideaIC-2018.3.2/lib/platform-impl.jar!/resources/html5-schema/svg11/svg-xlink-attrib.rnc, %project_path%/../../.gradle/caches/modules-2/files-2.1/com.jetbrains.intellij.idea/ideaIC/2018.3.2/23b321b525e54fefd5a5e47371077a981833fb37/ideaIC-2018.3.2/lib/platform-impl.jar!/resources/html5-schema/svg11/svg-docevents-attrib.rnc, %project_path%/../../.gradle/caches/modules-2/files-2.1/com.jetbrains.intellij.idea/ideaIC/2018.3.2/23b321b525e54fefd5a5e47371077a981833fb37/ideaIC-2018.3.2/lib/platform-impl.jar!/resources/html5-schema/svg11/svg-text.rnc, %project_path%/../../.gradle/caches/modules-2/files-2.1/com.jetbrains.intellij.idea/ideaIC/2018.3.2/23b321b525e54fefd5a5e47371077a981833fb37/ideaIC-2018.3.2/lib/platform-impl.jar!/resources/html5-schema/mml3/mathml3-content.rnc, %project_path%/../../.gradle/caches/modules-2/files-2.1/com.jetbrains.intellij.idea/ideaIC/2018.3.2/23b321b525e54fefd5a5e47371077a981833fb37/ideaIC-2018.3.2/lib/platform-impl.jar!/standardSchemas/xhtml11/xhtml-list-1.mod, %project_path%/../../.gradle/caches/modules-2/files-2.1/com.jetbrains.intellij.idea/ideaIC/2018.3.2/23b321b525e54fefd5a5e47371077a981833fb37/ideaIC-2018.3.2/lib/platform-impl.jar!/resources/html5-schema/svg11/inkscape-draft.rnc, %project_path%/../../.gradle/caches/modules-2/files-2.1/com.jetbrains.intellij.idea/ideaIC/2018.3.2/23b321b525e54fefd5a5e47371077a981833fb37/ideaIC-2018.3.2/lib/platform-impl.jar!/resources/html5-schema/svg11/svg-pattern.rnc, %project_path%/../../.gradle/caches/modules-2/files-2.1/com.jetbrains.intellij.idea/ideaIC/2018.3.2/23b321b525e54fefd5a5e47371077a981833fb37/ideaIC-2018.3.2/lib/platform-impl.jar!/resources/html5-schema/mml3/mathml3-presentation.rnc, %project_path%/../../.gradle/caches/modules-2/files-2.1/com.jetbrains.intellij.idea/ideaIC/2018.3.2/23b321b525e54fefd5a5e47371077a981833fb37/ideaIC-2018.3.2/lib/platform-impl.jar!/resources/html5-schema/mml3/patch-vnu] 
2019-03-04 21:49:09,701 [  39361]   INFO - g.FileBasedIndexProjectHandler - Reindexing refreshed files: 219 to update, calculated in 0ms 
2019-03-04 21:49:10,347 [  40007]   INFO - .diagnostic.PerformanceWatcher - Reindexing refreshed files took 646ms; general responsiveness: ok; EDT responsiveness: ok 
2019-03-04 21:49:10,354 [  40014]   INFO - penapi.project.DumbServiceImpl - updateFinished 
2019-03-04 21:49:10,355 [  40015]   INFO - g.FileBasedIndexProjectHandler - Has changed files: false; project=Project 'C:\Users\Acer Nitro\IdeaProjects\untitled2' untitled2 
2019-03-04 21:49:10,440 [  40100]   INFO - j.ide.ui.OptionsTopHitProvider - 83 ms spent to cache options in project 
2019-03-04 21:49:10,684 [  40344]   INFO - j.ide.ui.OptionsTopHitProvider - 113 ms spent on EDT to cache options in project 
2019-03-04 21:49:10,698 [  40358]   INFO - penapi.project.DumbServiceImpl - Running dumb mode task: com.android.tools.idea.res.ResourceFolderRepositoryFileCacheImpl$PruneTask@88a1a45 
2019-03-04 21:49:10,712 [  40372]   INFO - penapi.project.DumbServiceImpl - Running dumb mode task: com.android.tools.idea.res.ResourceFolderRepositoryFileCacheImpl$ManageLruProjectFilesTask@60bd7cde 
2019-03-04 21:49:10,743 [  40403]   INFO - penapi.project.DumbServiceImpl - updateFinished 
2019-03-04 21:49:10,744 [  40404]   INFO - g.FileBasedIndexProjectHandler - Has changed files: false; project=Project 'C:\Users\Acer Nitro\IdeaProjects\untitled2' untitled2 
2019-03-04 21:49:10,751 [  40411]   INFO - penapi.project.DumbServiceImpl - Running dumb mode task: com.android.tools.idea.res.ResourceFolderRegistry$PopulateCachesTask@14dde7fa 
2019-03-04 21:49:10,752 [  40412]   INFO - penapi.project.DumbServiceImpl - updateFinished 
2019-03-04 21:49:10,752 [  40412]   INFO - g.FileBasedIndexProjectHandler - Has changed files: false; project=Project 'C:\Users\Acer Nitro\IdeaProjects\untitled2' untitled2 
2019-03-04 21:49:13,169 [  42829]   INFO - CompilerWorkspaceConfiguration - Available processors: 8 
2019-03-04 21:49:13,713 [  43373]  ERROR - roject.impl.ProjectManagerImpl - Component@2c4ef101 
java.lang.NullPointerException
	at Component.projectClosed(Component.java:52)
	at com.intellij.openapi.project.impl.ProjectManagerImpl.fireProjectClosed(ProjectManagerImpl.java:816)
	at com.intellij.openapi.project.impl.ProjectManagerImpl.lambda$closeProject$15(ProjectManagerImpl.java:698)
	at com.intellij.openapi.application.impl.ApplicationImpl.runWriteAction(ApplicationImpl.java:1057)
	at com.intellij.openapi.project.impl.ProjectManagerImpl.closeProject(ProjectManagerImpl.java:695)
	at com.intellij.openapi.project.impl.ProjectManagerImpl.closeAndDisposeAllProjects(ProjectManagerImpl.java:635)
	at com.intellij.openapi.application.impl.ApplicationImpl.lambda$disposeSelf$6(ApplicationImpl.java:241)
	at com.intellij.openapi.command.impl.CoreCommandProcessor.executeCommand(CoreCommandProcessor.java:220)
	at com.intellij.openapi.command.impl.CoreCommandProcessor.executeCommand(CoreCommandProcessor.java:178)
	at com.intellij.openapi.command.impl.CoreCommandProcessor.executeCommand(CoreCommandProcessor.java:168)
	at com.intellij.openapi.command.impl.CoreCommandProcessor.executeCommand(CoreCommandProcessor.java:154)
	at com.intellij.openapi.application.impl.ApplicationImpl.disposeSelf(ApplicationImpl.java:239)
	at com.intellij.openapi.application.impl.ApplicationImpl.doExit(ApplicationImpl.java:818)
	at com.intellij.openapi.application.impl.ApplicationImpl.exit(ApplicationImpl.java:788)
	at com.intellij.openapi.application.impl.ApplicationImpl.exit(ApplicationImpl.java:777)
	at com.intellij.openapi.application.impl.ApplicationImpl.exit(ApplicationImpl.java:773)
	at com.intellij.openapi.application.impl.ApplicationImpl.exit(ApplicationImpl.java:740)
	at com.intellij.openapi.application.impl.ApplicationImpl.exit(ApplicationImpl.java:735)
	at com.intellij.openapi.wm.impl.IdeFrameImpl$3.windowClosing(IdeFrameImpl.java:275)
	at java.awt.AWTEventMulticaster.windowClosing(AWTEventMulticaster.java:349)
	at java.awt.Window.processWindowEvent(Window.java:2054)
	at javax.swing.JFrame.processWindowEvent(JFrame.java:305)
	at java.awt.Window.processEvent(Window.java:2013)
	at java.awt.Component.dispatchEventImpl(Component.java:4903)
	at java.awt.Container.dispatchEventImpl(Container.java:2295)
	at java.awt.Window.dispatchEventImpl(Window.java:2746)
	at java.awt.Component.dispatchEvent(Component.java:4725)
	at java.awt.EventQueue.dispatchEventImpl(EventQueue.java:764)
	at java.awt.EventQueue.access$500(EventQueue.java:98)
	at java.awt.EventQueue$3.run(EventQueue.java:715)
	at java.awt.EventQueue$3.run(EventQueue.java:709)
	at java.security.AccessController.doPrivileged(Native Method)
	at java.security.ProtectionDomain$JavaSecurityAccessImpl.doIntersectionPrivilege(ProtectionDomain.java:80)
	at java.security.ProtectionDomain$JavaSecurityAccessImpl.doIntersectionPrivilege(ProtectionDomain.java:90)
	at java.awt.EventQueue$4.run(EventQueue.java:737)
	at java.awt.EventQueue$4.run(EventQueue.java:735)
	at java.security.AccessController.doPrivileged(Native Method)
	at java.security.ProtectionDomain$JavaSecurityAccessImpl.doIntersectionPrivilege(ProtectionDomain.java:80)
	at java.awt.EventQueue.dispatchEvent(EventQueue.java:734)
	at com.intellij.ide.IdeEventQueue.defaultDispatchEvent(IdeEventQueue.java:719)
	at com.intellij.ide.IdeEventQueue._dispatchEvent(IdeEventQueue.java:668)
	at com.intellij.ide.IdeEventQueue.dispatchEvent(IdeEventQueue.java:363)
	at java.awt.EventDispatchThread.pumpOneEventForFilters(EventDispatchThread.java:201)
	at java.awt.EventDispatchThread.pumpEventsForFilter(EventDispatchThread.java:116)
	at java.awt.EventDispatchThread.pumpEventsForHierarchy(EventDispatchThread.java:105)
	at java.awt.EventDispatchThread.pumpEvents(EventDispatchThread.java:101)
	at java.awt.EventDispatchThread.pumpEvents(EventDispatchThread.java:93)
	at java.awt.EventDispatchThread.run(EventDispatchThread.java:82)
2019-03-04 21:49:13,715 [  43375]  ERROR - roject.impl.ProjectManagerImpl - IntelliJ IDEA 2018.3.2  Build #IC-183.4886.37 
2019-03-04 21:49:13,715 [  43375]  ERROR - roject.impl.ProjectManagerImpl - JDK: 1.8.0_152-release; VM: OpenJDK 64-Bit Server VM; Vendor: JetBrains s.r.o 
2019-03-04 21:49:13,715 [  43375]  ERROR - roject.impl.ProjectManagerImpl - OS: Windows 10 
2019-03-04 21:49:13,721 [  43381]  ERROR - roject.impl.ProjectManagerImpl - Plugin to blame: Time Tracker version: 1.0-SNAPSHOT 
2019-03-04 21:49:13,721 [  43381]  ERROR - roject.impl.ProjectManagerImpl - Last Action:  
2019-03-04 21:49:13,721 [  43381]  ERROR - roject.impl.ProjectManagerImpl - Current Command: Exit 
2019-03-04 21:49:14,005 [  43665]   INFO - stubs.SerializationManagerImpl - START StubSerializationManager SHUTDOWN 
2019-03-04 21:49:14,006 [  43666]   INFO - stubs.SerializationManagerImpl - END StubSerializationManager SHUTDOWN 
2019-03-04 21:49:14,006 [  43666]   INFO - il.indexing.FileBasedIndexImpl - START INDEX SHUTDOWN 
2019-03-04 21:49:14,064 [  43724]   INFO - il.indexing.FileBasedIndexImpl - END INDEX SHUTDOWN 
2019-03-04 21:49:14,077 [  43737]   INFO - org.jetbrains.io.BuiltInServer - web server stopped 
2019-03-04 21:49:14,093 [  43753]   INFO - Types.impl.FileTypeManagerImpl - FileTypeManager: 3 auto-detected files
Elapsed time on auto-detect: 15 ms 
2019-03-04 21:49:14,101 [  43761]   INFO - pl.local.NativeFileWatcherImpl - Watcher terminated with exit code 0 
2019-03-04 21:49:14,105 [  43765]   INFO - newvfs.persistent.PersistentFS - VFS dispose started 
2019-03-04 21:49:14,156 [  43816]   INFO - newvfs.persistent.PersistentFS - VFS dispose completed 
2019-03-04 21:49:14,157 [  43817]   INFO - plication.impl.ApplicationImpl - Write action Statistics:
Event number:     20
Total time spent: 196ms
Average duration: 9ms
Median  duration: 2ms
Max     duration: 50ms (it was 'write action (class com.intellij.openapi.project.impl.ProjectManagerImpl$$Lambda$1269/1573649571)') 
2019-03-04 21:49:14,157 [  43817]   INFO - plication.impl.ApplicationImpl - AnAction.update() Statistics:
Event number:     622
Total time spent: 54ms
Average duration: 0ms
Median  duration: 0ms
Max     duration: 14ms (it was 'Run anything action update (class com.intellij.ide.actions.runAnything.RunAnythingAction)') 
2019-03-04 21:49:14,157 [  43817]   INFO - plication.impl.ApplicationImpl - Global instance threads created counter = 9; ProcessIOExecutorService threads: 3 
2019-03-04 21:49:14,158 [  43818]   INFO -        #com.intellij.idea.Main - ------------------------------------------------------ IDE SHUTDOWN ------------------------------------------------------ 
2019-03-04 21:49:14,159 [  43819]   INFO - org.jetbrains.io.BuiltInServer - web server stopped 
