{"session":"f504f4ca0f43","build":"183.4886.37","bucket":"-1","time":1547739448663,"group":{"id":"system.os.name","version":"9"},"event":{"data":{"created":1547739448664},"id":"Windows"}}
{"session":"f504f4ca0f43","build":"183.4886.37","bucket":"-1","time":1547739448664,"group":{"id":"system.os.version","version":"9"},"event":{"data":{"created":1547739448686},"id":"10.0"}}
{"session":"f504f4ca0f43","build":"183.4886.37","bucket":"-1","time":1547739448664,"group":{"id":"system.jvm.vendor","version":"9"},"event":{"data":{"created":1547739448700},"id":"JetBrains_s.r.o"}}
{"session":"f504f4ca0f43","build":"183.4886.37","bucket":"-1","time":1547739448664,"group":{"id":"system.jvm.version","version":"9"},"event":{"data":{"created":1547739448702},"id":"1.8"}}
{"session":"f504f4ca0f43","build":"183.4886.37","bucket":"-1","time":1547739448670,"group":{"id":"settings","version":"9"},"event":{"data":{"created":1547739448702,"name":"activeMruEditorOnClose","value":false},"id":"UISettings"}}
{"session":"f504f4ca0f43","build":"183.4886.37","bucket":"-1","time":1547739448670,"group":{"id":"settings","version":"9"},"event":{"data":{"created":1547739448703,"name":"activeRightEditorOnClose","value":false},"id":"UISettings"}}
{"session":"f504f4ca0f43","build":"183.4886.37","bucket":"-1","time":1547739448670,"group":{"id":"settings","version":"9"},"event":{"data":{"created":1547739448704,"name":"allowMergeButtons","value":true},"id":"UISettings"}}
{"session":"f504f4ca0f43","build":"183.4886.37","bucket":"-1","time":1547739448670,"group":{"id":"settings","version":"9"},"event":{"data":{"created":1547739448704,"name":"alwaysShowWindowsButton","value":false},"id":"UISettings"}}
{"session":"f504f4ca0f43","build":"183.4886.37","bucket":"-1","time":1547739448670,"group":{"id":"settings","version":"9"},"event":{"data":{"created":1547739448705,"name":"animateWindows","value":true},"id":"UISettings"}}
{"session":"f504f4ca0f43","build":"183.4886.37","bucket":"-1","time":1547739448670,"group":{"id":"settings","version":"9"},"event":{"data":{"created":1547739448706,"name":"closeNonModifiedFilesFirst","value":false},"id":"UISettings"}}
{"session":"f504f4ca0f43","build":"183.4886.37","bucket":"-1","time":1547739448670,"group":{"id":"settings","version":"9"},"event":{"data":{"created":1547739448707,"name":"closeTabButtonOnTheRight","value":true},"id":"UISettings"}}
{"session":"f504f4ca0f43","build":"183.4886.37","bucket":"-1","time":1547739448671,"group":{"id":"settings","version":"9"},"event":{"data":{"created":1547739448708,"name":"cycleScrolling","value":true},"id":"UISettings"}}
{"session":"f504f4ca0f43","build":"183.4886.37","bucket":"-1","time":1547739448671,"group":{"id":"settings","version":"9"},"event":{"data":{"created":1547739448708,"name":"defaultAutoScrollToSource","value":false},"id":"UISettings"}}
{"session":"f504f4ca0f43","build":"183.4886.37","bucket":"-1","time":1547739448671,"group":{"id":"settings","version":"9"},"event":{"data":{"created":1547739448709,"name":"disableMnemonics","value":false},"id":"UISettings"}}
{"session":"f504f4ca0f43","build":"183.4886.37","bucket":"-1","time":1547739448671,"group":{"id":"settings","version":"9"},"event":{"data":{"created":1547739448709,"name":"disableMnemonicsInControls","value":false},"id":"UISettings"}}
{"session":"f504f4ca0f43","build":"183.4886.37","bucket":"-1","time":1547739448671,"group":{"id":"settings","version":"9"},"event":{"data":{"created":1547739448709,"name":"dndWithPressedAltOnly","value":false},"id":"UISettings"}}
{"session":"f504f4ca0f43","build":"183.4886.37","bucket":"-1","time":1547739448671,"group":{"id":"settings","version":"9"},"event":{"data":{"created":1547739448710,"name":"enableAlphaMode","value":false},"id":"UISettings"}}
{"session":"f504f4ca0f43","build":"183.4886.37","bucket":"-1","time":1547739448671,"group":{"id":"settings","version":"9"},"event":{"data":{"created":1547739448711,"name":"hideKnownExtensionInTabs","value":false},"id":"UISettings"}}
{"session":"f504f4ca0f43","build":"183.4886.37","bucket":"-1","time":1547739448671,"group":{"id":"settings","version":"9"},"event":{"data":{"created":1547739448712,"name":"hideNavigationOnFocusLoss","value":true},"id":"UISettings"}}
{"session":"f504f4ca0f43","build":"183.4886.37","bucket":"-1","time":1547739448671,"group":{"id":"settings","version":"9"},"event":{"data":{"created":1547739448713,"name":"hideTabsIfNeed","value":true},"id":"UISettings"}}
{"session":"f504f4ca0f43","build":"183.4886.37","bucket":"-1","time":1547739448671,"group":{"id":"settings","version":"9"},"event":{"data":{"created":1547739448714,"name":"hideToolStripes","value":false},"id":"UISettings"}}
{"session":"f504f4ca0f43","build":"183.4886.37","bucket":"-1","time":1547739448671,"group":{"id":"settings","version":"9"},"event":{"data":{"created":1547739448714,"name":"leftHorizontalSplit","value":false},"id":"UISettings"}}
{"session":"f504f4ca0f43","build":"183.4886.37","bucket":"-1","time":1547739448671,"group":{"id":"settings","version":"9"},"event":{"data":{"created":1547739448714,"name":"markModifiedTabsWithAsterisk","value":false},"id":"UISettings"}}
{"session":"f504f4ca0f43","build":"183.4886.37","bucket":"-1","time":1547739448671,"group":{"id":"settings","version":"9"},"event":{"data":{"created":1547739448715,"name":"mergeEqualStackTraces","value":true},"id":"UISettings"}}
{"session":"f504f4ca0f43","build":"183.4886.37","bucket":"-1","time":1547739448671,"group":{"id":"settings","version":"9"},"event":{"data":{"created":1547739448716,"name":"moveMouseOnDefaultButton","value":false},"id":"UISettings"}}
{"session":"f504f4ca0f43","build":"183.4886.37","bucket":"-1","time":1547739448671,"group":{"id":"settings","version":"9"},"event":{"data":{"created":1547739448716,"name":"navigateToPreview","value":false},"id":"UISettings"}}
{"session":"f504f4ca0f43","build":"183.4886.37","bucket":"-1","time":1547739448671,"group":{"id":"settings","version":"9"},"event":{"data":{"created":1547739448717,"name":"overrideConsoleCycleBufferSize","value":false},"id":"UISettings"}}
{"session":"f504f4ca0f43","build":"183.4886.37","bucket":"-1","time":1547739448671,"group":{"id":"settings","version":"9"},"event":{"data":{"created":1547739448718,"name":"overrideLafFonts","value":false},"id":"UISettings"}}
{"session":"f504f4ca0f43","build":"183.4886.37","bucket":"-1","time":1547739448671,"group":{"id":"settings","version":"9"},"event":{"data":{"created":1547739448719,"name":"pinFindInPath","value":false},"id":"UISettings"}}
{"session":"f504f4ca0f43","build":"183.4886.37","bucket":"-1","time":1547739448671,"group":{"id":"settings","version":"9"},"event":{"data":{"created":1547739448720,"name":"presentationMode","value":false},"id":"UISettings"}}
{"session":"f504f4ca0f43","build":"183.4886.37","bucket":"-1","time":1547739448671,"group":{"id":"settings","version":"9"},"event":{"data":{"created":1547739448720,"name":"reuseNotModifiedTabs","value":false},"id":"UISettings"}}
{"session":"f504f4ca0f43","build":"183.4886.37","bucket":"-1","time":1547739448671,"group":{"id":"settings","version":"9"},"event":{"data":{"created":1547739448721,"name":"rightHorizontalSplit","value":false},"id":"UISettings"}}
{"session":"f504f4ca0f43","build":"183.4886.37","bucket":"-1","time":1547739448671,"group":{"id":"settings","version":"9"},"event":{"data":{"created":1547739448722,"name":"scrollTabLayoutInEditor","value":true},"id":"UISettings"}}
{"session":"f504f4ca0f43","build":"183.4886.37","bucket":"-1","time":1547739448671,"group":{"id":"settings","version":"9"},"event":{"data":{"created":1547739448722,"name":"showCloseButton","value":true},"id":"UISettings"}}
{"session":"f504f4ca0f43","build":"183.4886.37","bucket":"-1","time":1547739448671,"group":{"id":"settings","version":"9"},"event":{"data":{"created":1547739448723,"name":"showDirectoryForNonUniqueFilenames","value":true},"id":"UISettings"}}
{"session":"f504f4ca0f43","build":"183.4886.37","bucket":"-1","time":1547739448671,"group":{"id":"settings","version":"9"},"event":{"data":{"created":1547739448723,"name":"showEditorToolTip","value":true},"id":"UISettings"}}
{"session":"f504f4ca0f43","build":"183.4886.37","bucket":"-1","time":1547739448671,"group":{"id":"settings","version":"9"},"event":{"data":{"created":1547739448724,"name":"showIconInQuickNavigation","value":true},"id":"UISettings"}}
{"session":"f504f4ca0f43","build":"183.4886.37","bucket":"-1","time":1547739448671,"group":{"id":"settings","version":"9"},"event":{"data":{"created":1547739448725,"name":"showIconsInMenus","value":true},"id":"UISettings"}}
{"session":"f504f4ca0f43","build":"183.4886.37","bucket":"-1","time":1547739448671,"group":{"id":"settings","version":"9"},"event":{"data":{"created":1547739448725,"name":"showMainToolbar","value":false},"id":"UISettings"}}
{"session":"f504f4ca0f43","build":"183.4886.37","bucket":"-1","time":1547739448671,"group":{"id":"settings","version":"9"},"event":{"data":{"created":1547739448726,"name":"showMemoryIndicator","value":false},"id":"UISettings"}}
{"session":"f504f4ca0f43","build":"183.4886.37","bucket":"-1","time":1547739448671,"group":{"id":"settings","version":"9"},"event":{"data":{"created":1547739448727,"name":"showNavigationBar","value":true},"id":"UISettings"}}
{"session":"f504f4ca0f43","build":"183.4886.37","bucket":"-1","time":1547739448671,"group":{"id":"settings","version":"9"},"event":{"data":{"created":1547739448727,"name":"showStatusBar","value":true},"id":"UISettings"}}
{"session":"f504f4ca0f43","build":"183.4886.37","bucket":"-1","time":1547739448671,"group":{"id":"settings","version":"9"},"event":{"data":{"created":1547739448728,"name":"showTabsTooltips","value":true},"id":"UISettings"}}
{"session":"f504f4ca0f43","build":"183.4886.37","bucket":"-1","time":1547739448671,"group":{"id":"settings","version":"9"},"event":{"data":{"created":1547739448728,"name":"showToolWindowsNumbers","value":true},"id":"UISettings"}}
{"session":"f504f4ca0f43","build":"183.4886.37","bucket":"-1","time":1547739448671,"group":{"id":"settings","version":"9"},"event":{"data":{"created":1547739448729,"name":"smoothScrolling","value":false},"id":"UISettings"}}
{"session":"f504f4ca0f43","build":"183.4886.37","bucket":"-1","time":1547739448671,"group":{"id":"settings","version":"9"},"event":{"data":{"created":1547739448729,"name":"sortBookmarks","value":false},"id":"UISettings"}}
{"session":"f504f4ca0f43","build":"183.4886.37","bucket":"-1","time":1547739448671,"group":{"id":"settings","version":"9"},"event":{"data":{"created":1547739448730,"name":"sortLookupElementsLexicographically","value":false},"id":"UISettings"}}
{"session":"f504f4ca0f43","build":"183.4886.37","bucket":"-1","time":1547739448671,"group":{"id":"settings","version":"9"},"event":{"data":{"created":1547739448730,"name":"useSmallLabelsOnTabs","value":false},"id":"UISettings"}}
{"session":"f504f4ca0f43","build":"183.4886.37","bucket":"-1","time":1547739448671,"group":{"id":"settings","version":"9"},"event":{"data":{"created":1547739448730,"name":"wideScreenSupport","value":false},"id":"UISettings"}}
{"session":"f504f4ca0f43","build":"183.4886.37","bucket":"-1","time":1547739450127,"group":{"id":"settings","version":"9"},"event":{"data":{"created":1547739450127,"name":"autoSaveIfInactive","value":false},"id":"GeneralSettings"}}
{"session":"f504f4ca0f43","build":"183.4886.37","bucket":"-1","time":1547739450127,"group":{"id":"settings","version":"9"},"event":{"data":{"created":1547739450128,"name":"confirmExit","value":true},"id":"GeneralSettings"}}
{"session":"f504f4ca0f43","build":"183.4886.37","bucket":"-1","time":1547739450127,"group":{"id":"settings","version":"9"},"event":{"data":{"created":1547739450128,"name":"reopenLastProject","value":true},"id":"GeneralSettings"}}
{"session":"f504f4ca0f43","build":"183.4886.37","bucket":"-1","time":1547739450127,"group":{"id":"settings","version":"9"},"event":{"data":{"created":1547739450128,"name":"saveOnFrameDeactivation","value":true},"id":"GeneralSettings"}}
{"session":"f504f4ca0f43","build":"183.4886.37","bucket":"-1","time":1547739450127,"group":{"id":"settings","version":"9"},"event":{"data":{"created":1547739450129,"name":"searchInBackground","value":false},"id":"GeneralSettings"}}
{"session":"f504f4ca0f43","build":"183.4886.37","bucket":"-1","time":1547739450127,"group":{"id":"settings","version":"9"},"event":{"data":{"created":1547739450129,"name":"showTipsOnStartup","value":true},"id":"GeneralSettings"}}
{"session":"f504f4ca0f43","build":"183.4886.37","bucket":"-1","time":1547739450127,"group":{"id":"settings","version":"9"},"event":{"data":{"created":1547739450130,"name":"showWelcomeScreen","value":true},"id":"GeneralSettings"}}
{"session":"f504f4ca0f43","build":"183.4886.37","bucket":"-1","time":1547739450127,"group":{"id":"settings","version":"9"},"event":{"data":{"created":1547739450130,"name":"supportScreenReaders","value":false},"id":"GeneralSettings"}}
{"session":"f504f4ca0f43","build":"183.4886.37","bucket":"-1","time":1547739450127,"group":{"id":"settings","version":"9"},"event":{"data":{"created":1547739450130,"name":"syncOnFrameActivation","value":true},"id":"GeneralSettings"}}
{"session":"f504f4ca0f43","build":"183.4886.37","bucket":"-1","time":1547739450127,"group":{"id":"settings","version":"9"},"event":{"data":{"created":1547739450130,"name":"useDefaultBrowser","value":true},"id":"GeneralSettings"}}
{"session":"f504f4ca0f43","build":"183.4886.37","bucket":"-1","time":1547739450127,"group":{"id":"settings","version":"9"},"event":{"data":{"created":1547739450131,"name":"useSafeWrite","value":true},"id":"GeneralSettings"}}
{"session":"f504f4ca0f43","build":"183.4886.37","bucket":"-1","time":1547739454830,"group":{"id":"ui.dialogs","version":"9"},"event":{"count":1,"data":{"created":1547739454830,"type":"show"},"id":"com.intellij.openapi.progress.util.ProgressDialog$MyDialogWrapper"}}
{"session":"f504f4ca0f43","build":"183.4886.37","bucket":"-1","time":1547739457291,"group":{"id":"ui.dialogs","version":"9"},"event":{"count":1,"data":{"code":1,"created":1547739457291,"type":"close"},"id":"com.intellij.openapi.progress.util.ProgressDialog$MyDialogWrapper"}}
{"session":"f504f4ca0f43","build":"183.4886.37","bucket":"-1","time":1547739457355,"group":{"id":"statistics.lifecycle.project","version":"9"},"event":{"count":1,"data":{"created":1547739457355,"project":"-1820019154"},"id":"project.opened"}}
{"session":"f504f4ca0f43","build":"183.4886.37","bucket":"-1","time":1547739457355,"group":{"id":"lifecycle","version":"9"},"event":{"count":1,"data":{"created":1547739457356},"id":"project.opened"}}
{"session":"f504f4ca0f43","build":"183.4886.37","bucket":"-1","time":1547739458590,"group":{"id":"ui.dialogs","version":"9"},"event":{"count":1,"data":{"created":1547739458590,"type":"show"},"id":"com.intellij.openapi.progress.util.ProgressDialog$MyDialogWrapper"}}
{"session":"f504f4ca0f43","build":"183.4886.37","bucket":"-1","time":1547739458751,"group":{"id":"toolwindow.v2","version":"9"},"event":{"count":1,"data":{"created":1547739458751,"data_1":"Windows"},"id":"Project_by_Activation"}}
{"session":"f504f4ca0f43","build":"183.4886.37","bucket":"-1","time":1547739459242,"group":{"id":"statistics.lifecycle.app","version":"9"},"event":{"count":1,"data":{"created":1547739459242},"id":"ide.start"}}
{"session":"f504f4ca0f43","build":"183.4886.37","bucket":"-1","time":1547739459242,"group":{"id":"lifecycle","version":"9"},"event":{"count":1,"data":{"created":1547739459242},"id":"app.started"}}
{"session":"f504f4ca0f43","build":"183.4886.37","bucket":"-1","time":1547739459543,"group":{"id":"statistics.ui.tips","version":"9"},"event":{"count":1,"data":{"created":1547739459544},"id":"shown.automatically"}}
{"session":"f504f4ca0f43","build":"183.4886.37","bucket":"-1","time":1547739459645,"group":{"id":"ui.dialogs","version":"9"},"event":{"count":1,"data":{"created":1547739459645,"type":"show"},"id":"com.intellij.ide.util.TipDialog"}}
{"session":"f504f4ca0f43","build":"183.4886.37","bucket":"-1","time":1547739460256,"group":{"id":"ui.dialogs","version":"9"},"event":{"count":1,"data":{"code":1,"created":1547739460256,"type":"close"},"id":"com.intellij.openapi.progress.util.ProgressDialog$MyDialogWrapper"}}
{"session":"f504f4ca0f43","build":"183.4886.37","bucket":"-1","time":1547739460367,"group":{"id":"statistics.lifecycle.project","version":"9"},"event":{"count":1,"data":{"created":1547739460367,"project":"-1820019154"},"id":"project.open.time.6"}}
{"session":"f504f4ca0f43","build":"183.4886.37","bucket":"-1","time":1547739460367,"group":{"id":"lifecycle","version":"9"},"event":{"count":1,"data":{"created":1547739460367,"time.ms":6039},"id":"project.opening.finished"}}
{"session":"f504f4ca0f43","build":"183.4886.37","bucket":"-1","time":1547739461822,"group":{"id":"ui.dialogs","version":"9"},"event":{"count":1,"data":{"code":1,"created":1547739461822,"type":"close"},"id":"com.intellij.ide.util.TipDialog"}}
{"session":"f504f4ca0f43","build":"183.4886.37","bucket":"-1","time":1547744594311,"group":{"id":"internal.statistics.platform.registry.project","version":"9"},"event":{"data":{"created":1547744594312,"project":"-1820019154"},"id":"java.completion.argument.hints.internal"}}
{"session":"f504f4ca0f43","build":"183.4886.37","bucket":"-1","time":1547744594311,"group":{"id":"internal.statistics.platform.registry.project","version":"9"},"event":{"data":{"created":1547744594314,"project":"-1820019154"},"id":"inline.browse.button"}}
{"session":"f504f4ca0f43","build":"183.4886.37","bucket":"-1","time":1547744594335,"group":{"id":"internal.statistics.run.dashboard","version":"9"},"event":{"data":{"created":1547744594335,"project":"-1820019154"},"id":"run.dashboard.disabled"}}
{"session":"f504f4ca0f43","build":"183.4886.37","bucket":"-1","time":1547744594353,"group":{"id":"internal.statistics.vcs.git.settings","version":"9"},"event":{"data":{"created":1547744594353,"project":"-1820019154"},"id":"config.update.type.BRANCH_DEFAULT"}}
{"session":"f504f4ca0f43","build":"183.4886.37","bucket":"-1","time":1547744594353,"group":{"id":"internal.statistics.vcs.git.settings","version":"9"},"event":{"data":{"created":1547744594353,"project":"-1820019154"},"id":"config.repo.sync.NOT_DECIDED"}}
{"session":"f504f4ca0f43","build":"183.4886.37","bucket":"-1","time":1547744594353,"group":{"id":"internal.statistics.vcs.git.settings","version":"9"},"event":{"data":{"created":1547744594354,"project":"-1820019154"},"id":"config.push.update.all.roots.enabled"}}
{"session":"f504f4ca0f43","build":"183.4886.37","bucket":"-1","time":1547744594353,"group":{"id":"internal.statistics.vcs.git.settings","version":"9"},"event":{"data":{"created":1547744594354,"project":"-1820019154"},"id":"config.push.autoupdate.disabled"}}
{"session":"f504f4ca0f43","build":"183.4886.37","bucket":"-1","time":1547744594353,"group":{"id":"internal.statistics.vcs.git.settings","version":"9"},"event":{"data":{"created":1547744594354,"project":"-1820019154"},"id":"config.ssh.disabled"}}
{"session":"f504f4ca0f43","build":"183.4886.37","bucket":"-1","time":1547744594353,"group":{"id":"internal.statistics.vcs.git.settings","version":"9"},"event":{"data":{"created":1547744594354,"project":"-1820019154"},"id":"config.warn.about.crlf.enabled"}}
{"session":"f504f4ca0f43","build":"183.4886.37","bucket":"-1","time":1547744594353,"group":{"id":"internal.statistics.vcs.git.settings","version":"9"},"event":{"data":{"created":1547744594355,"project":"-1820019154"},"id":"config.cherry-pick.autocommit.disabled"}}
{"session":"f504f4ca0f43","build":"183.4886.37","bucket":"-1","time":1547744594353,"group":{"id":"internal.statistics.vcs.git.settings","version":"9"},"event":{"data":{"created":1547744594355,"project":"-1820019154"},"id":"config.save.policy.STASH"}}
{"session":"f504f4ca0f43","build":"183.4886.37","bucket":"-1","time":1547744594353,"group":{"id":"internal.statistics.vcs.git.settings","version":"9"},"event":{"data":{"created":1547744594355,"project":"-1820019154"},"id":"config.warn.about.detached.enabled"}}
{"session":"f504f4ca0f43","build":"183.4886.37","bucket":"-1","time":1547744594353,"group":{"id":"internal.statistics.vcs.git.settings","version":"9"},"event":{"data":{"created":1547744594355,"project":"-1820019154"},"id":"version.0.0.0-NULL"}}
{"session":"f504f4ca0f43","build":"183.4886.37","bucket":"-1","time":1547744594396,"group":{"id":"internal.statistics.vcs.metrics","version":"9"},"event":{"data":{"created":1547744594396,"project":"-1820019154"},"id":"vcs.roots.count.0"}}
{"session":"f504f4ca0f43","build":"183.4886.37","bucket":"-1","time":1547744594396,"group":{"id":"internal.statistics.vcs.metrics","version":"9"},"event":{"data":{"created":1547744594397,"project":"-1820019154"},"id":"ignored.files.count.0"}}
{"session":"f504f4ca0f43","build":"183.4886.37","bucket":"-1","time":1547744594396,"group":{"id":"internal.statistics.vcs.metrics","version":"9"},"event":{"data":{"created":1547744594397,"project":"-1820019154"},"id":"active.changelists.count.1"}}
{"session":"f504f4ca0f43","build":"183.4886.37","bucket":"-1","time":1547744594396,"group":{"id":"internal.statistics.vcs.metrics","version":"9"},"event":{"data":{"created":1547744594397,"project":"-1820019154"},"id":"has.default.vcs.root.mapping.enabled"}}
{"session":"f504f4ca0f43","build":"183.4886.37","bucket":"-1","time":1547744594396,"group":{"id":"internal.statistics.vcs.metrics","version":"9"},"event":{"data":{"created":1547744594398,"project":"-1820019154"},"id":"unversioned.files.count.0"}}
{"session":"f504f4ca0f43","build":"183.4886.37","bucket":"-1","time":1547744594775,"group":{"id":"internal.statistics.file.types","version":"9"},"event":{"data":{"created":1547744594775,"project":"-1820019154"},"id":"IDEA_MODULE"}}
{"session":"f504f4ca0f43","build":"183.4886.37","bucket":"-1","time":1547744594853,"group":{"id":"internal.statistics.project.structure","version":"9"},"event":{"data":{"created":1547744594853,"project":"-1820019154"},"id":"source.root.java-source.1"}}
{"session":"f504f4ca0f43","build":"183.4886.37","bucket":"-1","time":1547744594853,"group":{"id":"internal.statistics.project.structure","version":"9"},"event":{"data":{"created":1547744594854,"project":"-1820019154"},"id":"excluded.roots.count.0"}}
{"session":"f504f4ca0f43","build":"183.4886.37","bucket":"-1","time":1547744594853,"group":{"id":"internal.statistics.project.structure","version":"9"},"event":{"data":{"created":1547744594854,"project":"-1820019154"},"id":"modules.count.1"}}
{"session":"f504f4ca0f43","build":"183.4886.37","bucket":"-1","time":1547744594853,"group":{"id":"internal.statistics.project.structure","version":"9"},"event":{"data":{"created":1547744594854,"project":"-1820019154"},"id":"source.roots.count.1"}}
{"session":"f504f4ca0f43","build":"183.4886.37","bucket":"-1","time":1547744594853,"group":{"id":"internal.statistics.project.structure","version":"9"},"event":{"data":{"created":1547744594855,"project":"-1820019154"},"id":"package.prefix.not.used"}}
{"session":"f504f4ca0f43","build":"183.4886.37","bucket":"-1","time":1547744594853,"group":{"id":"internal.statistics.project.structure","version":"9"},"event":{"data":{"created":1547744594855,"project":"-1820019154"},"id":"content.roots.count.1"}}
{"session":"f504f4ca0f43","build":"183.4886.37","bucket":"-1","time":1547744594855,"group":{"id":"internal.statistics.vcs.options","version":"9"},"event":{"data":{"created":1547744594855,"project":"-1820019154"},"id":"commit.before.check.code.smell.enabled"}}
{"session":"f504f4ca0f43","build":"183.4886.37","bucket":"-1","time":1547744594855,"group":{"id":"internal.statistics.vcs.options","version":"9"},"event":{"data":{"created":1547744594856,"project":"-1820019154"},"id":"commit.clear.initial.comment.disabled"}}
{"session":"f504f4ca0f43","build":"183.4886.37","bucket":"-1","time":1547744594855,"group":{"id":"internal.statistics.vcs.options","version":"9"},"event":{"data":{"created":1547744594856,"project":"-1820019154"},"id":"commit.before.optimize.imports.disabled"}}
{"session":"f504f4ca0f43","build":"183.4886.37","bucket":"-1","time":1547744594855,"group":{"id":"internal.statistics.vcs.options","version":"9"},"event":{"data":{"created":1547744594856,"project":"-1820019154"},"id":"perform.rollback.in.background.disabled"}}
{"session":"f504f4ca0f43","build":"183.4886.37","bucket":"-1","time":1547744594855,"group":{"id":"internal.statistics.vcs.options","version":"9"},"event":{"data":{"created":1547744594856,"project":"-1820019154"},"id":"include.text.into.shelf.enabled"}}
{"session":"f504f4ca0f43","build":"183.4886.37","bucket":"-1","time":1547744594855,"group":{"id":"internal.statistics.vcs.options","version":"9"},"event":{"data":{"created":1547744594856,"project":"-1820019154"},"id":"check.conflicts.in.background.disabled"}}
{"session":"f504f4ca0f43","build":"183.4886.37","bucket":"-1","time":1547744594855,"group":{"id":"internal.statistics.vcs.options","version":"9"},"event":{"data":{"created":1547744594857,"project":"-1820019154"},"id":"show.changes.preview.disabled"}}
{"session":"f504f4ca0f43","build":"183.4886.37","bucket":"-1","time":1547744594855,"group":{"id":"internal.statistics.vcs.options","version":"9"},"event":{"data":{"created":1547744594857,"project":"-1820019154"},"id":"commit.before.check.code.cleanup.disabled"}}
{"session":"f504f4ca0f43","build":"183.4886.37","bucket":"-1","time":1547744594855,"group":{"id":"internal.statistics.vcs.options","version":"9"},"event":{"data":{"created":1547744594857,"project":"-1820019154"},"id":"commit.before.reformat.project.disabled"}}
{"session":"f504f4ca0f43","build":"183.4886.37","bucket":"-1","time":1547744594855,"group":{"id":"internal.statistics.vcs.options","version":"9"},"event":{"data":{"created":1547744594857,"project":"-1820019154"},"id":"perform.edit.in.background.enabled"}}
{"session":"f504f4ca0f43","build":"183.4886.37","bucket":"-1","time":1547744594855,"group":{"id":"internal.statistics.vcs.options","version":"9"},"event":{"data":{"created":1547744594858,"project":"-1820019154"},"id":"commit.before.rearrange.disabled"}}
{"session":"f504f4ca0f43","build":"183.4886.37","bucket":"-1","time":1547744594855,"group":{"id":"internal.statistics.vcs.options","version":"9"},"event":{"data":{"created":1547744594858,"project":"-1820019154"},"id":"commit.use.right.margin.enabled"}}
{"session":"f504f4ca0f43","build":"183.4886.37","bucket":"-1","time":1547744594855,"group":{"id":"internal.statistics.vcs.options","version":"9"},"event":{"data":{"created":1547744594858,"project":"-1820019154"},"id":"offer.move.partially.committed.disabled"}}
{"session":"f504f4ca0f43","build":"183.4886.37","bucket":"-1","time":1547744594855,"group":{"id":"internal.statistics.vcs.options","version":"9"},"event":{"data":{"created":1547744594858,"project":"-1820019154"},"id":"perform.checkout.in.background.enabled"}}
{"session":"f504f4ca0f43","build":"183.4886.37","bucket":"-1","time":1547744594855,"group":{"id":"internal.statistics.vcs.options","version":"9"},"event":{"data":{"created":1547744594859,"project":"-1820019154"},"id":"changelist.make.new.active.disabled"}}
{"session":"f504f4ca0f43","build":"183.4886.37","bucket":"-1","time":1547744594855,"group":{"id":"internal.statistics.vcs.options","version":"9"},"event":{"data":{"created":1547744594859,"project":"-1820019154"},"id":"offer.remove.empty.changelist.show_confirmation"}}
{"session":"f504f4ca0f43","build":"183.4886.37","bucket":"-1","time":1547744594855,"group":{"id":"internal.statistics.vcs.options","version":"9"},"event":{"data":{"created":1547744594859,"project":"-1820019154"},"id":"commit.before.check.todo.enabled"}}
{"session":"f504f4ca0f43","build":"183.4886.37","bucket":"-1","time":1547744594855,"group":{"id":"internal.statistics.vcs.options","version":"9"},"event":{"data":{"created":1547744594859,"project":"-1820019154"},"id":"commit.before.check.non.empty.comment.disabled"}}
{"session":"f504f4ca0f43","build":"183.4886.37","bucket":"-1","time":1547744594855,"group":{"id":"internal.statistics.vcs.options","version":"9"},"event":{"data":{"created":1547744594860,"project":"-1820019154"},"id":"commit.show.unversioned.enabled"}}
{"session":"f504f4ca0f43","build":"183.4886.37","bucket":"-1","time":1547744594855,"group":{"id":"internal.statistics.vcs.options","version":"9"},"event":{"data":{"created":1547744594860,"project":"-1820019154"},"id":"perform.commit.in.background.enabled"}}
{"session":"f504f4ca0f43","build":"183.4886.37","bucket":"-1","time":1547744594855,"group":{"id":"internal.statistics.vcs.options","version":"9"},"event":{"data":{"created":1547744594860,"project":"-1820019154"},"id":"perform.update.in.background.enabled"}}
{"session":"f504f4ca0f43","build":"183.4886.37","bucket":"-1","time":1547744594855,"group":{"id":"internal.statistics.vcs.options","version":"9"},"event":{"data":{"created":1547744594860,"project":"-1820019154"},"id":"perform.add_remove.in.background.enabled"}}
{"session":"f504f4ca0f43","build":"183.4886.37","bucket":"-1","time":1547744594855,"group":{"id":"internal.statistics.vcs.options","version":"9"},"event":{"data":{"created":1547744594861,"project":"-1820019154"},"id":"changelist.preselect.existing.disabled"}}
{"session":"f504f4ca0f43","build":"183.4886.37","bucket":"-1","time":1547744594855,"group":{"id":"internal.statistics.vcs.options","version":"9"},"event":{"data":{"created":1547744594861,"project":"-1820019154"},"id":"offer.move.failed.committed.do_nothing_silently"}}
{"session":"f504f4ca0f43","build":"183.4886.37","bucket":"-1","time":1547744595158,"group":{"id":"internal.statistics.debugger.breakpoints","version":"9"},"event":{"data":{"created":1547744595158,"project":"-1820019154"},"id":"total.0"}}
{"session":"f504f4ca0f43","build":"183.4886.37","bucket":"-1","time":1547746288772,"group":{"id":"ui.dialogs","version":"9"},"event":{"count":1,"data":{"created":1547746288772,"type":"show"},"id":"com.intellij.openapi.ui.messages.MessageDialog"}}
{"session":"f504f4ca0f43","build":"183.4886.37","bucket":"-1","time":1547746290171,"group":{"id":"statistics.lifecycle.app","version":"9"},"event":{"count":1,"data":{"created":1547746290171},"id":"ide.close"}}
{"session":"f504f4ca0f43","build":"183.4886.37","bucket":"-1","time":1547746290171,"group":{"id":"lifecycle","version":"9"},"event":{"count":1,"data":{"restart":false,"created":1547746290171},"id":"app.closed"}}
{"session":"f504f4ca0f43","build":"183.4886.37","bucket":"-1","time":1547746290210,"group":{"id":"statistics.lifecycle.project","version":"9"},"event":{"count":1,"data":{"created":1547746290210,"project":"-1820019154"},"id":"project.closed"}}
{"session":"f504f4ca0f43","build":"183.4886.37","bucket":"-1","time":1547746290318,"group":{"id":"lifecycle","version":"9"},"event":{"count":1,"data":{"created":1547746290318},"id":"project.closed"}}
