{"session":"3ad45113664a","build":"183.4886.37","bucket":"-1","time":1547738825333,"group":{"id":"system.os.name","version":"9"},"event":{"data":{"created":1547738825335},"id":"Windows"}}
{"session":"3ad45113664a","build":"183.4886.37","bucket":"-1","time":1547738825334,"group":{"id":"system.os.version","version":"9"},"event":{"data":{"created":1547738825363},"id":"10.0"}}
{"session":"3ad45113664a","build":"183.4886.37","bucket":"-1","time":1547738825334,"group":{"id":"system.jvm.vendor","version":"9"},"event":{"data":{"created":1547738825382},"id":"JetBrains_s.r.o"}}
{"session":"3ad45113664a","build":"183.4886.37","bucket":"-1","time":1547738825334,"group":{"id":"system.jvm.version","version":"9"},"event":{"data":{"created":1547738825385},"id":"1.8"}}
{"session":"3ad45113664a","build":"183.4886.37","bucket":"-1","time":1547738825342,"group":{"id":"settings","version":"9"},"event":{"data":{"created":1547738825387,"name":"activeMruEditorOnClose","value":false},"id":"UISettings"}}
{"session":"3ad45113664a","build":"183.4886.37","bucket":"-1","time":1547738825342,"group":{"id":"settings","version":"9"},"event":{"data":{"created":1547738825389,"name":"activeRightEditorOnClose","value":false},"id":"UISettings"}}
{"session":"3ad45113664a","build":"183.4886.37","bucket":"-1","time":1547738825342,"group":{"id":"settings","version":"9"},"event":{"data":{"created":1547738825390,"name":"allowMergeButtons","value":true},"id":"UISettings"}}
{"session":"3ad45113664a","build":"183.4886.37","bucket":"-1","time":1547738825342,"group":{"id":"settings","version":"9"},"event":{"data":{"created":1547738825391,"name":"alwaysShowWindowsButton","value":false},"id":"UISettings"}}
{"session":"3ad45113664a","build":"183.4886.37","bucket":"-1","time":1547738825342,"group":{"id":"settings","version":"9"},"event":{"data":{"created":1547738825392,"name":"animateWindows","value":true},"id":"UISettings"}}
{"session":"3ad45113664a","build":"183.4886.37","bucket":"-1","time":1547738825342,"group":{"id":"settings","version":"9"},"event":{"data":{"created":1547738825393,"name":"closeNonModifiedFilesFirst","value":false},"id":"UISettings"}}
{"session":"3ad45113664a","build":"183.4886.37","bucket":"-1","time":1547738825342,"group":{"id":"settings","version":"9"},"event":{"data":{"created":1547738825394,"name":"closeTabButtonOnTheRight","value":true},"id":"UISettings"}}
{"session":"3ad45113664a","build":"183.4886.37","bucket":"-1","time":1547738825342,"group":{"id":"settings","version":"9"},"event":{"data":{"created":1547738825396,"name":"cycleScrolling","value":true},"id":"UISettings"}}
{"session":"3ad45113664a","build":"183.4886.37","bucket":"-1","time":1547738825342,"group":{"id":"settings","version":"9"},"event":{"data":{"created":1547738825397,"name":"defaultAutoScrollToSource","value":false},"id":"UISettings"}}
{"session":"3ad45113664a","build":"183.4886.37","bucket":"-1","time":1547738825342,"group":{"id":"settings","version":"9"},"event":{"data":{"created":1547738825398,"name":"disableMnemonics","value":false},"id":"UISettings"}}
{"session":"3ad45113664a","build":"183.4886.37","bucket":"-1","time":1547738825342,"group":{"id":"settings","version":"9"},"event":{"data":{"created":1547738825399,"name":"disableMnemonicsInControls","value":false},"id":"UISettings"}}
{"session":"3ad45113664a","build":"183.4886.37","bucket":"-1","time":1547738825342,"group":{"id":"settings","version":"9"},"event":{"data":{"created":1547738825400,"name":"dndWithPressedAltOnly","value":false},"id":"UISettings"}}
{"session":"3ad45113664a","build":"183.4886.37","bucket":"-1","time":1547738825342,"group":{"id":"settings","version":"9"},"event":{"data":{"created":1547738825401,"name":"enableAlphaMode","value":false},"id":"UISettings"}}
{"session":"3ad45113664a","build":"183.4886.37","bucket":"-1","time":1547738825342,"group":{"id":"settings","version":"9"},"event":{"data":{"created":1547738825402,"name":"hideKnownExtensionInTabs","value":false},"id":"UISettings"}}
{"session":"3ad45113664a","build":"183.4886.37","bucket":"-1","time":1547738825342,"group":{"id":"settings","version":"9"},"event":{"data":{"created":1547738825403,"name":"hideNavigationOnFocusLoss","value":true},"id":"UISettings"}}
{"session":"3ad45113664a","build":"183.4886.37","bucket":"-1","time":1547738825342,"group":{"id":"settings","version":"9"},"event":{"data":{"created":1547738825404,"name":"hideTabsIfNeed","value":true},"id":"UISettings"}}
{"session":"3ad45113664a","build":"183.4886.37","bucket":"-1","time":1547738825342,"group":{"id":"settings","version":"9"},"event":{"data":{"created":1547738825405,"name":"hideToolStripes","value":false},"id":"UISettings"}}
{"session":"3ad45113664a","build":"183.4886.37","bucket":"-1","time":1547738825342,"group":{"id":"settings","version":"9"},"event":{"data":{"created":1547738825405,"name":"leftHorizontalSplit","value":false},"id":"UISettings"}}
{"session":"3ad45113664a","build":"183.4886.37","bucket":"-1","time":1547738825343,"group":{"id":"settings","version":"9"},"event":{"data":{"created":1547738825407,"name":"markModifiedTabsWithAsterisk","value":false},"id":"UISettings"}}
{"session":"3ad45113664a","build":"183.4886.37","bucket":"-1","time":1547738825343,"group":{"id":"settings","version":"9"},"event":{"data":{"created":1547738825408,"name":"mergeEqualStackTraces","value":true},"id":"UISettings"}}
{"session":"3ad45113664a","build":"183.4886.37","bucket":"-1","time":1547738825343,"group":{"id":"settings","version":"9"},"event":{"data":{"created":1547738825410,"name":"moveMouseOnDefaultButton","value":false},"id":"UISettings"}}
{"session":"3ad45113664a","build":"183.4886.37","bucket":"-1","time":1547738825343,"group":{"id":"settings","version":"9"},"event":{"data":{"created":1547738825410,"name":"navigateToPreview","value":false},"id":"UISettings"}}
{"session":"3ad45113664a","build":"183.4886.37","bucket":"-1","time":1547738825343,"group":{"id":"settings","version":"9"},"event":{"data":{"created":1547738825411,"name":"overrideConsoleCycleBufferSize","value":false},"id":"UISettings"}}
{"session":"3ad45113664a","build":"183.4886.37","bucket":"-1","time":1547738825343,"group":{"id":"settings","version":"9"},"event":{"data":{"created":1547738825412,"name":"overrideLafFonts","value":false},"id":"UISettings"}}
{"session":"3ad45113664a","build":"183.4886.37","bucket":"-1","time":1547738825343,"group":{"id":"settings","version":"9"},"event":{"data":{"created":1547738825413,"name":"pinFindInPath","value":false},"id":"UISettings"}}
{"session":"3ad45113664a","build":"183.4886.37","bucket":"-1","time":1547738825343,"group":{"id":"settings","version":"9"},"event":{"data":{"created":1547738825413,"name":"presentationMode","value":false},"id":"UISettings"}}
{"session":"3ad45113664a","build":"183.4886.37","bucket":"-1","time":1547738825343,"group":{"id":"settings","version":"9"},"event":{"data":{"created":1547738825414,"name":"reuseNotModifiedTabs","value":false},"id":"UISettings"}}
{"session":"3ad45113664a","build":"183.4886.37","bucket":"-1","time":1547738825343,"group":{"id":"settings","version":"9"},"event":{"data":{"created":1547738825415,"name":"rightHorizontalSplit","value":false},"id":"UISettings"}}
{"session":"3ad45113664a","build":"183.4886.37","bucket":"-1","time":1547738825343,"group":{"id":"settings","version":"9"},"event":{"data":{"created":1547738825416,"name":"scrollTabLayoutInEditor","value":true},"id":"UISettings"}}
{"session":"3ad45113664a","build":"183.4886.37","bucket":"-1","time":1547738825343,"group":{"id":"settings","version":"9"},"event":{"data":{"created":1547738825417,"name":"showCloseButton","value":true},"id":"UISettings"}}
{"session":"3ad45113664a","build":"183.4886.37","bucket":"-1","time":1547738825343,"group":{"id":"settings","version":"9"},"event":{"data":{"created":1547738825418,"name":"showDirectoryForNonUniqueFilenames","value":true},"id":"UISettings"}}
{"session":"3ad45113664a","build":"183.4886.37","bucket":"-1","time":1547738825343,"group":{"id":"settings","version":"9"},"event":{"data":{"created":1547738825419,"name":"showEditorToolTip","value":true},"id":"UISettings"}}
{"session":"3ad45113664a","build":"183.4886.37","bucket":"-1","time":1547738825343,"group":{"id":"settings","version":"9"},"event":{"data":{"created":1547738825420,"name":"showIconInQuickNavigation","value":true},"id":"UISettings"}}
{"session":"3ad45113664a","build":"183.4886.37","bucket":"-1","time":1547738825343,"group":{"id":"settings","version":"9"},"event":{"data":{"created":1547738825420,"name":"showIconsInMenus","value":true},"id":"UISettings"}}
{"session":"3ad45113664a","build":"183.4886.37","bucket":"-1","time":1547738825343,"group":{"id":"settings","version":"9"},"event":{"data":{"created":1547738825421,"name":"showMainToolbar","value":false},"id":"UISettings"}}
{"session":"3ad45113664a","build":"183.4886.37","bucket":"-1","time":1547738825343,"group":{"id":"settings","version":"9"},"event":{"data":{"created":1547738825422,"name":"showMemoryIndicator","value":false},"id":"UISettings"}}
{"session":"3ad45113664a","build":"183.4886.37","bucket":"-1","time":1547738825343,"group":{"id":"settings","version":"9"},"event":{"data":{"created":1547738825422,"name":"showNavigationBar","value":true},"id":"UISettings"}}
{"session":"3ad45113664a","build":"183.4886.37","bucket":"-1","time":1547738825343,"group":{"id":"settings","version":"9"},"event":{"data":{"created":1547738825424,"name":"showStatusBar","value":true},"id":"UISettings"}}
{"session":"3ad45113664a","build":"183.4886.37","bucket":"-1","time":1547738825343,"group":{"id":"settings","version":"9"},"event":{"data":{"created":1547738825424,"name":"showTabsTooltips","value":true},"id":"UISettings"}}
{"session":"3ad45113664a","build":"183.4886.37","bucket":"-1","time":1547738825343,"group":{"id":"settings","version":"9"},"event":{"data":{"created":1547738825425,"name":"showToolWindowsNumbers","value":true},"id":"UISettings"}}
{"session":"3ad45113664a","build":"183.4886.37","bucket":"-1","time":1547738825343,"group":{"id":"settings","version":"9"},"event":{"data":{"created":1547738825426,"name":"smoothScrolling","value":false},"id":"UISettings"}}
{"session":"3ad45113664a","build":"183.4886.37","bucket":"-1","time":1547738825343,"group":{"id":"settings","version":"9"},"event":{"data":{"created":1547738825426,"name":"sortBookmarks","value":false},"id":"UISettings"}}
{"session":"3ad45113664a","build":"183.4886.37","bucket":"-1","time":1547738825343,"group":{"id":"settings","version":"9"},"event":{"data":{"created":1547738825427,"name":"sortLookupElementsLexicographically","value":false},"id":"UISettings"}}
{"session":"3ad45113664a","build":"183.4886.37","bucket":"-1","time":1547738825343,"group":{"id":"settings","version":"9"},"event":{"data":{"created":1547738825427,"name":"useSmallLabelsOnTabs","value":false},"id":"UISettings"}}
{"session":"3ad45113664a","build":"183.4886.37","bucket":"-1","time":1547738825343,"group":{"id":"settings","version":"9"},"event":{"data":{"created":1547738825428,"name":"wideScreenSupport","value":false},"id":"UISettings"}}
{"session":"3ad45113664a","build":"183.4886.37","bucket":"-1","time":1547738827505,"group":{"id":"settings","version":"9"},"event":{"data":{"created":1547738827506,"name":"autoSaveIfInactive","value":false},"id":"GeneralSettings"}}
{"session":"3ad45113664a","build":"183.4886.37","bucket":"-1","time":1547738827505,"group":{"id":"settings","version":"9"},"event":{"data":{"created":1547738827506,"name":"confirmExit","value":true},"id":"GeneralSettings"}}
{"session":"3ad45113664a","build":"183.4886.37","bucket":"-1","time":1547738827505,"group":{"id":"settings","version":"9"},"event":{"data":{"created":1547738827507,"name":"reopenLastProject","value":true},"id":"GeneralSettings"}}
{"session":"3ad45113664a","build":"183.4886.37","bucket":"-1","time":1547738827505,"group":{"id":"settings","version":"9"},"event":{"data":{"created":1547738827507,"name":"saveOnFrameDeactivation","value":true},"id":"GeneralSettings"}}
{"session":"3ad45113664a","build":"183.4886.37","bucket":"-1","time":1547738827505,"group":{"id":"settings","version":"9"},"event":{"data":{"created":1547738827508,"name":"searchInBackground","value":false},"id":"GeneralSettings"}}
{"session":"3ad45113664a","build":"183.4886.37","bucket":"-1","time":1547738827505,"group":{"id":"settings","version":"9"},"event":{"data":{"created":1547738827508,"name":"showTipsOnStartup","value":true},"id":"GeneralSettings"}}
{"session":"3ad45113664a","build":"183.4886.37","bucket":"-1","time":1547738827505,"group":{"id":"settings","version":"9"},"event":{"data":{"created":1547738827508,"name":"showWelcomeScreen","value":true},"id":"GeneralSettings"}}
{"session":"3ad45113664a","build":"183.4886.37","bucket":"-1","time":1547738827505,"group":{"id":"settings","version":"9"},"event":{"data":{"created":1547738827509,"name":"supportScreenReaders","value":false},"id":"GeneralSettings"}}
{"session":"3ad45113664a","build":"183.4886.37","bucket":"-1","time":1547738827505,"group":{"id":"settings","version":"9"},"event":{"data":{"created":1547738827509,"name":"syncOnFrameActivation","value":true},"id":"GeneralSettings"}}
{"session":"3ad45113664a","build":"183.4886.37","bucket":"-1","time":1547738827505,"group":{"id":"settings","version":"9"},"event":{"data":{"created":1547738827509,"name":"useDefaultBrowser","value":true},"id":"GeneralSettings"}}
{"session":"3ad45113664a","build":"183.4886.37","bucket":"-1","time":1547738827505,"group":{"id":"settings","version":"9"},"event":{"data":{"created":1547738827510,"name":"useSafeWrite","value":true},"id":"GeneralSettings"}}
{"session":"3ad45113664a","build":"183.4886.37","bucket":"-1","time":1547738830565,"group":{"id":"ui.dialogs","version":"9"},"event":{"count":1,"data":{"created":1547738830565,"type":"show"},"id":"com.intellij.openapi.progress.util.ProgressDialog$MyDialogWrapper"}}
{"session":"3ad45113664a","build":"183.4886.37","bucket":"-1","time":1547738834006,"group":{"id":"ui.dialogs","version":"9"},"event":{"count":1,"data":{"code":1,"created":1547738834007,"type":"close"},"id":"com.intellij.openapi.progress.util.ProgressDialog$MyDialogWrapper"}}
{"session":"3ad45113664a","build":"183.4886.37","bucket":"-1","time":1547738834075,"group":{"id":"statistics.lifecycle.project","version":"9"},"event":{"count":1,"data":{"created":1547738834075,"project":"-1820019154"},"id":"project.opened"}}
{"session":"3ad45113664a","build":"183.4886.37","bucket":"-1","time":1547738834078,"group":{"id":"lifecycle","version":"9"},"event":{"count":1,"data":{"created":1547738834078},"id":"project.opened"}}
{"session":"3ad45113664a","build":"183.4886.37","bucket":"-1","time":1547738835569,"group":{"id":"ui.dialogs","version":"9"},"event":{"count":1,"data":{"created":1547738835569,"type":"show"},"id":"com.intellij.openapi.progress.util.ProgressDialog$MyDialogWrapper"}}
{"session":"3ad45113664a","build":"183.4886.37","bucket":"-1","time":1547738835763,"group":{"id":"toolwindow.v2","version":"9"},"event":{"count":1,"data":{"created":1547738835763,"data_1":"Windows"},"id":"Project_by_Activation"}}
{"session":"3ad45113664a","build":"183.4886.37","bucket":"-1","time":1547738836266,"group":{"id":"statistics.lifecycle.app","version":"9"},"event":{"count":1,"data":{"created":1547738836266},"id":"ide.start"}}
{"session":"3ad45113664a","build":"183.4886.37","bucket":"-1","time":1547738836266,"group":{"id":"lifecycle","version":"9"},"event":{"count":1,"data":{"created":1547738836267},"id":"app.started"}}
{"session":"3ad45113664a","build":"183.4886.37","bucket":"-1","time":1547738836574,"group":{"id":"statistics.ui.tips","version":"9"},"event":{"count":1,"data":{"created":1547738836574},"id":"shown.automatically"}}
{"session":"3ad45113664a","build":"183.4886.37","bucket":"-1","time":1547738836659,"group":{"id":"ui.dialogs","version":"9"},"event":{"count":1,"data":{"created":1547738836659,"type":"show"},"id":"com.intellij.ide.util.TipDialog"}}
{"session":"3ad45113664a","build":"183.4886.37","bucket":"-1","time":1547738837162,"group":{"id":"ui.dialogs","version":"9"},"event":{"count":1,"data":{"code":1,"created":1547738837162,"type":"close"},"id":"com.intellij.openapi.progress.util.ProgressDialog$MyDialogWrapper"}}
{"session":"3ad45113664a","build":"183.4886.37","bucket":"-1","time":1547738837276,"group":{"id":"statistics.lifecycle.project","version":"9"},"event":{"count":1,"data":{"created":1547738837276,"project":"-1820019154"},"id":"project.open.time.7"}}
{"session":"3ad45113664a","build":"183.4886.37","bucket":"-1","time":1547738837277,"group":{"id":"lifecycle","version":"9"},"event":{"count":1,"data":{"created":1547738837277,"time.ms":7312},"id":"project.opening.finished"}}
