{"session":"445788dce5d8","build":"183.4886.37","bucket":"-1","time":1551725337949,"group":{"id":"system.os.name","version":"9"},"event":{"data":{"created":1551725337950},"id":"Windows"}}
{"session":"445788dce5d8","build":"183.4886.37","bucket":"-1","time":1551725337950,"group":{"id":"system.os.version","version":"9"},"event":{"data":{"created":1551725337982},"id":"10.0"}}
{"session":"445788dce5d8","build":"183.4886.37","bucket":"-1","time":1551725337950,"group":{"id":"system.jvm.vendor","version":"9"},"event":{"data":{"created":1551725337991},"id":"JetBrains_s.r.o"}}
{"session":"445788dce5d8","build":"183.4886.37","bucket":"-1","time":1551725337950,"group":{"id":"system.jvm.version","version":"9"},"event":{"data":{"created":1551725337992},"id":"1.8"}}
{"session":"445788dce5d8","build":"183.4886.37","bucket":"-1","time":1551725337953,"group":{"id":"settings","version":"9"},"event":{"data":{"created":1551725337993,"name":"activeMruEditorOnClose","value":false},"id":"UISettings"}}
{"session":"445788dce5d8","build":"183.4886.37","bucket":"-1","time":1551725337953,"group":{"id":"settings","version":"9"},"event":{"data":{"created":1551725337993,"name":"activeRightEditorOnClose","value":false},"id":"UISettings"}}
{"session":"445788dce5d8","build":"183.4886.37","bucket":"-1","time":1551725337953,"group":{"id":"settings","version":"9"},"event":{"data":{"created":1551725337994,"name":"allowMergeButtons","value":true},"id":"UISettings"}}
{"session":"445788dce5d8","build":"183.4886.37","bucket":"-1","time":1551725337953,"group":{"id":"settings","version":"9"},"event":{"data":{"created":1551725337994,"name":"alwaysShowWindowsButton","value":false},"id":"UISettings"}}
{"session":"445788dce5d8","build":"183.4886.37","bucket":"-1","time":1551725337953,"group":{"id":"settings","version":"9"},"event":{"data":{"created":1551725337995,"name":"animateWindows","value":true},"id":"UISettings"}}
{"session":"445788dce5d8","build":"183.4886.37","bucket":"-1","time":1551725337953,"group":{"id":"settings","version":"9"},"event":{"data":{"created":1551725337995,"name":"closeNonModifiedFilesFirst","value":false},"id":"UISettings"}}
{"session":"445788dce5d8","build":"183.4886.37","bucket":"-1","time":1551725337953,"group":{"id":"settings","version":"9"},"event":{"data":{"created":1551725337996,"name":"closeTabButtonOnTheRight","value":true},"id":"UISettings"}}
{"session":"445788dce5d8","build":"183.4886.37","bucket":"-1","time":1551725337953,"group":{"id":"settings","version":"9"},"event":{"data":{"created":1551725337997,"name":"cycleScrolling","value":true},"id":"UISettings"}}
{"session":"445788dce5d8","build":"183.4886.37","bucket":"-1","time":1551725337953,"group":{"id":"settings","version":"9"},"event":{"data":{"created":1551725337997,"name":"defaultAutoScrollToSource","value":false},"id":"UISettings"}}
{"session":"445788dce5d8","build":"183.4886.37","bucket":"-1","time":1551725337953,"group":{"id":"settings","version":"9"},"event":{"data":{"created":1551725337998,"name":"disableMnemonics","value":false},"id":"UISettings"}}
{"session":"445788dce5d8","build":"183.4886.37","bucket":"-1","time":1551725337953,"group":{"id":"settings","version":"9"},"event":{"data":{"created":1551725337999,"name":"disableMnemonicsInControls","value":false},"id":"UISettings"}}
{"session":"445788dce5d8","build":"183.4886.37","bucket":"-1","time":1551725337953,"group":{"id":"settings","version":"9"},"event":{"data":{"created":1551725337999,"name":"dndWithPressedAltOnly","value":false},"id":"UISettings"}}
{"session":"445788dce5d8","build":"183.4886.37","bucket":"-1","time":1551725337953,"group":{"id":"settings","version":"9"},"event":{"data":{"created":1551725338000,"name":"enableAlphaMode","value":false},"id":"UISettings"}}
{"session":"445788dce5d8","build":"183.4886.37","bucket":"-1","time":1551725337953,"group":{"id":"settings","version":"9"},"event":{"data":{"created":1551725338000,"name":"hideKnownExtensionInTabs","value":false},"id":"UISettings"}}
{"session":"445788dce5d8","build":"183.4886.37","bucket":"-1","time":1551725337953,"group":{"id":"settings","version":"9"},"event":{"data":{"created":1551725338000,"name":"hideNavigationOnFocusLoss","value":true},"id":"UISettings"}}
{"session":"445788dce5d8","build":"183.4886.37","bucket":"-1","time":1551725337953,"group":{"id":"settings","version":"9"},"event":{"data":{"created":1551725338001,"name":"hideTabsIfNeed","value":true},"id":"UISettings"}}
{"session":"445788dce5d8","build":"183.4886.37","bucket":"-1","time":1551725337953,"group":{"id":"settings","version":"9"},"event":{"data":{"created":1551725338002,"name":"hideToolStripes","value":false},"id":"UISettings"}}
{"session":"445788dce5d8","build":"183.4886.37","bucket":"-1","time":1551725337953,"group":{"id":"settings","version":"9"},"event":{"data":{"created":1551725338002,"name":"leftHorizontalSplit","value":false},"id":"UISettings"}}
{"session":"445788dce5d8","build":"183.4886.37","bucket":"-1","time":1551725337953,"group":{"id":"settings","version":"9"},"event":{"data":{"created":1551725338002,"name":"markModifiedTabsWithAsterisk","value":false},"id":"UISettings"}}
{"session":"445788dce5d8","build":"183.4886.37","bucket":"-1","time":1551725337953,"group":{"id":"settings","version":"9"},"event":{"data":{"created":1551725338003,"name":"mergeEqualStackTraces","value":true},"id":"UISettings"}}
{"session":"445788dce5d8","build":"183.4886.37","bucket":"-1","time":1551725337953,"group":{"id":"settings","version":"9"},"event":{"data":{"created":1551725338003,"name":"moveMouseOnDefaultButton","value":false},"id":"UISettings"}}
{"session":"445788dce5d8","build":"183.4886.37","bucket":"-1","time":1551725337953,"group":{"id":"settings","version":"9"},"event":{"data":{"created":1551725338003,"name":"navigateToPreview","value":false},"id":"UISettings"}}
{"session":"445788dce5d8","build":"183.4886.37","bucket":"-1","time":1551725337953,"group":{"id":"settings","version":"9"},"event":{"data":{"created":1551725338004,"name":"overrideConsoleCycleBufferSize","value":false},"id":"UISettings"}}
{"session":"445788dce5d8","build":"183.4886.37","bucket":"-1","time":1551725337953,"group":{"id":"settings","version":"9"},"event":{"data":{"created":1551725338004,"name":"overrideLafFonts","value":false},"id":"UISettings"}}
{"session":"445788dce5d8","build":"183.4886.37","bucket":"-1","time":1551725337953,"group":{"id":"settings","version":"9"},"event":{"data":{"created":1551725338005,"name":"pinFindInPath","value":false},"id":"UISettings"}}
{"session":"445788dce5d8","build":"183.4886.37","bucket":"-1","time":1551725337953,"group":{"id":"settings","version":"9"},"event":{"data":{"created":1551725338005,"name":"presentationMode","value":false},"id":"UISettings"}}
{"session":"445788dce5d8","build":"183.4886.37","bucket":"-1","time":1551725337953,"group":{"id":"settings","version":"9"},"event":{"data":{"created":1551725338005,"name":"reuseNotModifiedTabs","value":false},"id":"UISettings"}}
{"session":"445788dce5d8","build":"183.4886.37","bucket":"-1","time":1551725337953,"group":{"id":"settings","version":"9"},"event":{"data":{"created":1551725338006,"name":"rightHorizontalSplit","value":false},"id":"UISettings"}}
{"session":"445788dce5d8","build":"183.4886.37","bucket":"-1","time":1551725337953,"group":{"id":"settings","version":"9"},"event":{"data":{"created":1551725338006,"name":"scrollTabLayoutInEditor","value":true},"id":"UISettings"}}
{"session":"445788dce5d8","build":"183.4886.37","bucket":"-1","time":1551725337953,"group":{"id":"settings","version":"9"},"event":{"data":{"created":1551725338007,"name":"showCloseButton","value":true},"id":"UISettings"}}
{"session":"445788dce5d8","build":"183.4886.37","bucket":"-1","time":1551725337953,"group":{"id":"settings","version":"9"},"event":{"data":{"created":1551725338007,"name":"showDirectoryForNonUniqueFilenames","value":true},"id":"UISettings"}}
{"session":"445788dce5d8","build":"183.4886.37","bucket":"-1","time":1551725337953,"group":{"id":"settings","version":"9"},"event":{"data":{"created":1551725338007,"name":"showEditorToolTip","value":true},"id":"UISettings"}}
{"session":"445788dce5d8","build":"183.4886.37","bucket":"-1","time":1551725337953,"group":{"id":"settings","version":"9"},"event":{"data":{"created":1551725338008,"name":"showIconInQuickNavigation","value":true},"id":"UISettings"}}
{"session":"445788dce5d8","build":"183.4886.37","bucket":"-1","time":1551725337953,"group":{"id":"settings","version":"9"},"event":{"data":{"created":1551725338008,"name":"showIconsInMenus","value":true},"id":"UISettings"}}
{"session":"445788dce5d8","build":"183.4886.37","bucket":"-1","time":1551725337953,"group":{"id":"settings","version":"9"},"event":{"data":{"created":1551725338009,"name":"showMainToolbar","value":false},"id":"UISettings"}}
{"session":"445788dce5d8","build":"183.4886.37","bucket":"-1","time":1551725337953,"group":{"id":"settings","version":"9"},"event":{"data":{"created":1551725338009,"name":"showMemoryIndicator","value":false},"id":"UISettings"}}
{"session":"445788dce5d8","build":"183.4886.37","bucket":"-1","time":1551725337953,"group":{"id":"settings","version":"9"},"event":{"data":{"created":1551725338010,"name":"showNavigationBar","value":true},"id":"UISettings"}}
{"session":"445788dce5d8","build":"183.4886.37","bucket":"-1","time":1551725337953,"group":{"id":"settings","version":"9"},"event":{"data":{"created":1551725338010,"name":"showStatusBar","value":true},"id":"UISettings"}}
{"session":"445788dce5d8","build":"183.4886.37","bucket":"-1","time":1551725337953,"group":{"id":"settings","version":"9"},"event":{"data":{"created":1551725338011,"name":"showTabsTooltips","value":true},"id":"UISettings"}}
{"session":"445788dce5d8","build":"183.4886.37","bucket":"-1","time":1551725337953,"group":{"id":"settings","version":"9"},"event":{"data":{"created":1551725338011,"name":"showToolWindowsNumbers","value":true},"id":"UISettings"}}
{"session":"445788dce5d8","build":"183.4886.37","bucket":"-1","time":1551725337954,"group":{"id":"settings","version":"9"},"event":{"data":{"created":1551725338011,"name":"smoothScrolling","value":false},"id":"UISettings"}}
{"session":"445788dce5d8","build":"183.4886.37","bucket":"-1","time":1551725337954,"group":{"id":"settings","version":"9"},"event":{"data":{"created":1551725338012,"name":"sortBookmarks","value":false},"id":"UISettings"}}
{"session":"445788dce5d8","build":"183.4886.37","bucket":"-1","time":1551725337954,"group":{"id":"settings","version":"9"},"event":{"data":{"created":1551725338012,"name":"sortLookupElementsLexicographically","value":false},"id":"UISettings"}}
{"session":"445788dce5d8","build":"183.4886.37","bucket":"-1","time":1551725337954,"group":{"id":"settings","version":"9"},"event":{"data":{"created":1551725338012,"name":"useSmallLabelsOnTabs","value":false},"id":"UISettings"}}
{"session":"445788dce5d8","build":"183.4886.37","bucket":"-1","time":1551725337954,"group":{"id":"settings","version":"9"},"event":{"data":{"created":1551725338012,"name":"wideScreenSupport","value":false},"id":"UISettings"}}
{"session":"445788dce5d8","build":"183.4886.37","bucket":"-1","time":1551725340827,"group":{"id":"settings","version":"9"},"event":{"data":{"created":1551725340827,"name":"autoSaveIfInactive","value":false},"id":"GeneralSettings"}}
{"session":"445788dce5d8","build":"183.4886.37","bucket":"-1","time":1551725340827,"group":{"id":"settings","version":"9"},"event":{"data":{"created":1551725340827,"name":"confirmExit","value":true},"id":"GeneralSettings"}}
{"session":"445788dce5d8","build":"183.4886.37","bucket":"-1","time":1551725340827,"group":{"id":"settings","version":"9"},"event":{"data":{"created":1551725340827,"name":"reopenLastProject","value":true},"id":"GeneralSettings"}}
{"session":"445788dce5d8","build":"183.4886.37","bucket":"-1","time":1551725340827,"group":{"id":"settings","version":"9"},"event":{"data":{"created":1551725340828,"name":"saveOnFrameDeactivation","value":true},"id":"GeneralSettings"}}
{"session":"445788dce5d8","build":"183.4886.37","bucket":"-1","time":1551725340827,"group":{"id":"settings","version":"9"},"event":{"data":{"created":1551725340828,"name":"searchInBackground","value":false},"id":"GeneralSettings"}}
{"session":"445788dce5d8","build":"183.4886.37","bucket":"-1","time":1551725340827,"group":{"id":"settings","version":"9"},"event":{"data":{"created":1551725340828,"name":"showTipsOnStartup","value":true},"id":"GeneralSettings"}}
{"session":"445788dce5d8","build":"183.4886.37","bucket":"-1","time":1551725340827,"group":{"id":"settings","version":"9"},"event":{"data":{"created":1551725340828,"name":"showWelcomeScreen","value":true},"id":"GeneralSettings"}}
{"session":"445788dce5d8","build":"183.4886.37","bucket":"-1","time":1551725340827,"group":{"id":"settings","version":"9"},"event":{"data":{"created":1551725340828,"name":"supportScreenReaders","value":false},"id":"GeneralSettings"}}
{"session":"445788dce5d8","build":"183.4886.37","bucket":"-1","time":1551725340827,"group":{"id":"settings","version":"9"},"event":{"data":{"created":1551725340829,"name":"syncOnFrameActivation","value":true},"id":"GeneralSettings"}}
{"session":"445788dce5d8","build":"183.4886.37","bucket":"-1","time":1551725340827,"group":{"id":"settings","version":"9"},"event":{"data":{"created":1551725340829,"name":"useDefaultBrowser","value":true},"id":"GeneralSettings"}}
{"session":"445788dce5d8","build":"183.4886.37","bucket":"-1","time":1551725340827,"group":{"id":"settings","version":"9"},"event":{"data":{"created":1551725340829,"name":"useSafeWrite","value":true},"id":"GeneralSettings"}}
{"session":"445788dce5d8","build":"183.4886.37","bucket":"-1","time":1551725342715,"group":{"id":"ui.dialogs","version":"9"},"event":{"count":1,"data":{"created":1551725342715,"type":"show"},"id":"com.intellij.openapi.progress.util.ProgressDialog$MyDialogWrapper"}}
{"session":"445788dce5d8","build":"183.4886.37","bucket":"-1","time":1551725345211,"group":{"id":"ui.dialogs","version":"9"},"event":{"count":1,"data":{"code":1,"created":1551725345211,"type":"close"},"id":"com.intellij.openapi.progress.util.ProgressDialog$MyDialogWrapper"}}
{"session":"445788dce5d8","build":"183.4886.37","bucket":"-1","time":1551725345263,"group":{"id":"statistics.lifecycle.project","version":"9"},"event":{"count":1,"data":{"created":1551725345263,"project":"-1820019154"},"id":"project.opened"}}
{"session":"445788dce5d8","build":"183.4886.37","bucket":"-1","time":1551725345264,"group":{"id":"lifecycle","version":"9"},"event":{"count":1,"data":{"created":1551725345264},"id":"project.opened"}}
{"session":"445788dce5d8","build":"183.4886.37","bucket":"-1","time":1551725346156,"group":{"id":"ui.dialogs","version":"9"},"event":{"count":1,"data":{"created":1551725346156,"type":"show"},"id":"com.intellij.openapi.progress.util.ProgressDialog$MyDialogWrapper"}}
{"session":"445788dce5d8","build":"183.4886.37","bucket":"-1","time":1551725347928,"group":{"id":"toolwindow.v2","version":"9"},"event":{"count":1,"data":{"created":1551725347928,"data_1":"Windows"},"id":"Project_by_Activation"}}
{"session":"445788dce5d8","build":"183.4886.37","bucket":"-1","time":1551725348245,"group":{"id":"statistics.lifecycle.app","version":"9"},"event":{"count":1,"data":{"created":1551725348245},"id":"ide.start"}}
{"session":"445788dce5d8","build":"183.4886.37","bucket":"-1","time":1551725348245,"group":{"id":"lifecycle","version":"9"},"event":{"count":1,"data":{"created":1551725348248},"id":"app.started"}}
{"session":"445788dce5d8","build":"183.4886.37","bucket":"-1","time":1551725348406,"group":{"id":"statistics.ui.tips","version":"9"},"event":{"count":1,"data":{"created":1551725348408},"id":"shown.automatically"}}
{"session":"445788dce5d8","build":"183.4886.37","bucket":"-1","time":1551725348432,"group":{"id":"ui.dialogs","version":"9"},"event":{"count":1,"data":{"created":1551725348432,"type":"show"},"id":"com.intellij.ide.util.TipDialog"}}
{"session":"445788dce5d8","build":"183.4886.37","bucket":"-1","time":1551725348928,"group":{"id":"ui.dialogs","version":"9"},"event":{"count":1,"data":{"code":1,"created":1551725348928,"type":"close"},"id":"com.intellij.openapi.progress.util.ProgressDialog$MyDialogWrapper"}}
{"session":"445788dce5d8","build":"183.4886.37","bucket":"-1","time":1551725349077,"group":{"id":"statistics.lifecycle.project","version":"9"},"event":{"count":1,"data":{"created":1551725349077,"project":"-1820019154"},"id":"project.open.time.6"}}
{"session":"445788dce5d8","build":"183.4886.37","bucket":"-1","time":1551725349077,"group":{"id":"lifecycle","version":"9"},"event":{"count":1,"data":{"created":1551725349077,"time.ms":6805},"id":"project.opening.finished"}}
{"session":"445788dce5d8","build":"183.4886.37","bucket":"-1","time":1551725350126,"group":{"id":"ui.dialogs","version":"9"},"event":{"count":1,"data":{"code":1,"created":1551725350126,"type":"close"},"id":"com.intellij.ide.util.TipDialog"}}
{"session":"445788dce5d8","build":"183.4886.37","bucket":"-1","time":1551725352527,"group":{"id":"ui.dialogs","version":"9"},"event":{"count":1,"data":{"created":1551725352527,"type":"show"},"id":"com.intellij.openapi.ui.messages.MessageDialog"}}
{"session":"445788dce5d8","build":"183.4886.37","bucket":"-1","time":1551725353457,"group":{"id":"statistics.lifecycle.app","version":"9"},"event":{"count":1,"data":{"created":1551725353457},"id":"ide.close"}}
{"session":"445788dce5d8","build":"183.4886.37","bucket":"-1","time":1551725353457,"group":{"id":"lifecycle","version":"9"},"event":{"count":1,"data":{"restart":false,"created":1551725353458},"id":"app.closed"}}
{"session":"445788dce5d8","build":"183.4886.37","bucket":"-1","time":1551725353531,"group":{"id":"statistics.lifecycle.project","version":"9"},"event":{"count":1,"data":{"created":1551725353531,"project":"-1820019154"},"id":"project.closed"}}
{"session":"445788dce5d8","build":"183.4886.37","bucket":"-1","time":1551725353705,"group":{"id":"lifecycle","version":"9"},"event":{"count":1,"data":{"created":1551725353705},"id":"project.closed"}}
