{"session":"eb4898482c1e","build":"183.4886.37","bucket":"-1","time":1547312815837,"group":{"id":"system.os.name","version":"9"},"event":{"data":{"created":1547312815838},"id":"Windows"}}
{"session":"eb4898482c1e","build":"183.4886.37","bucket":"-1","time":1547312815837,"group":{"id":"system.os.version","version":"9"},"event":{"data":{"created":1547312815851},"id":"10.0"}}
{"session":"eb4898482c1e","build":"183.4886.37","bucket":"-1","time":1547312815837,"group":{"id":"system.jvm.vendor","version":"9"},"event":{"data":{"created":1547312815860},"id":"JetBrains_s.r.o"}}
{"session":"eb4898482c1e","build":"183.4886.37","bucket":"-1","time":1547312815837,"group":{"id":"system.jvm.version","version":"9"},"event":{"data":{"created":1547312815861},"id":"1.8"}}
{"session":"eb4898482c1e","build":"183.4886.37","bucket":"-1","time":1547312815840,"group":{"id":"settings","version":"9"},"event":{"data":{"created":1547312815861,"name":"activeMruEditorOnClose","value":false},"id":"UISettings"}}
{"session":"eb4898482c1e","build":"183.4886.37","bucket":"-1","time":1547312815840,"group":{"id":"settings","version":"9"},"event":{"data":{"created":1547312815862,"name":"activeRightEditorOnClose","value":false},"id":"UISettings"}}
{"session":"eb4898482c1e","build":"183.4886.37","bucket":"-1","time":1547312815840,"group":{"id":"settings","version":"9"},"event":{"data":{"created":1547312815862,"name":"allowMergeButtons","value":true},"id":"UISettings"}}
{"session":"eb4898482c1e","build":"183.4886.37","bucket":"-1","time":1547312815840,"group":{"id":"settings","version":"9"},"event":{"data":{"created":1547312815862,"name":"alwaysShowWindowsButton","value":false},"id":"UISettings"}}
{"session":"eb4898482c1e","build":"183.4886.37","bucket":"-1","time":1547312815840,"group":{"id":"settings","version":"9"},"event":{"data":{"created":1547312815863,"name":"animateWindows","value":true},"id":"UISettings"}}
{"session":"eb4898482c1e","build":"183.4886.37","bucket":"-1","time":1547312815840,"group":{"id":"settings","version":"9"},"event":{"data":{"created":1547312815863,"name":"closeNonModifiedFilesFirst","value":false},"id":"UISettings"}}
{"session":"eb4898482c1e","build":"183.4886.37","bucket":"-1","time":1547312815840,"group":{"id":"settings","version":"9"},"event":{"data":{"created":1547312815863,"name":"closeTabButtonOnTheRight","value":true},"id":"UISettings"}}
{"session":"eb4898482c1e","build":"183.4886.37","bucket":"-1","time":1547312815840,"group":{"id":"settings","version":"9"},"event":{"data":{"created":1547312815864,"name":"cycleScrolling","value":true},"id":"UISettings"}}
{"session":"eb4898482c1e","build":"183.4886.37","bucket":"-1","time":1547312815840,"group":{"id":"settings","version":"9"},"event":{"data":{"created":1547312815864,"name":"defaultAutoScrollToSource","value":false},"id":"UISettings"}}
{"session":"eb4898482c1e","build":"183.4886.37","bucket":"-1","time":1547312815840,"group":{"id":"settings","version":"9"},"event":{"data":{"created":1547312815864,"name":"disableMnemonics","value":false},"id":"UISettings"}}
{"session":"eb4898482c1e","build":"183.4886.37","bucket":"-1","time":1547312815840,"group":{"id":"settings","version":"9"},"event":{"data":{"created":1547312815865,"name":"disableMnemonicsInControls","value":false},"id":"UISettings"}}
{"session":"eb4898482c1e","build":"183.4886.37","bucket":"-1","time":1547312815840,"group":{"id":"settings","version":"9"},"event":{"data":{"created":1547312815865,"name":"dndWithPressedAltOnly","value":false},"id":"UISettings"}}
{"session":"eb4898482c1e","build":"183.4886.37","bucket":"-1","time":1547312815840,"group":{"id":"settings","version":"9"},"event":{"data":{"created":1547312815866,"name":"enableAlphaMode","value":false},"id":"UISettings"}}
{"session":"eb4898482c1e","build":"183.4886.37","bucket":"-1","time":1547312815840,"group":{"id":"settings","version":"9"},"event":{"data":{"created":1547312815866,"name":"hideKnownExtensionInTabs","value":false},"id":"UISettings"}}
{"session":"eb4898482c1e","build":"183.4886.37","bucket":"-1","time":1547312815840,"group":{"id":"settings","version":"9"},"event":{"data":{"created":1547312815866,"name":"hideNavigationOnFocusLoss","value":true},"id":"UISettings"}}
{"session":"eb4898482c1e","build":"183.4886.37","bucket":"-1","time":1547312815840,"group":{"id":"settings","version":"9"},"event":{"data":{"created":1547312815867,"name":"hideTabsIfNeed","value":true},"id":"UISettings"}}
{"session":"eb4898482c1e","build":"183.4886.37","bucket":"-1","time":1547312815840,"group":{"id":"settings","version":"9"},"event":{"data":{"created":1547312815867,"name":"hideToolStripes","value":false},"id":"UISettings"}}
{"session":"eb4898482c1e","build":"183.4886.37","bucket":"-1","time":1547312815840,"group":{"id":"settings","version":"9"},"event":{"data":{"created":1547312815867,"name":"leftHorizontalSplit","value":false},"id":"UISettings"}}
{"session":"eb4898482c1e","build":"183.4886.37","bucket":"-1","time":1547312815840,"group":{"id":"settings","version":"9"},"event":{"data":{"created":1547312815868,"name":"markModifiedTabsWithAsterisk","value":false},"id":"UISettings"}}
{"session":"eb4898482c1e","build":"183.4886.37","bucket":"-1","time":1547312815840,"group":{"id":"settings","version":"9"},"event":{"data":{"created":1547312815868,"name":"mergeEqualStackTraces","value":true},"id":"UISettings"}}
{"session":"eb4898482c1e","build":"183.4886.37","bucket":"-1","time":1547312815840,"group":{"id":"settings","version":"9"},"event":{"data":{"created":1547312815868,"name":"moveMouseOnDefaultButton","value":false},"id":"UISettings"}}
{"session":"eb4898482c1e","build":"183.4886.37","bucket":"-1","time":1547312815840,"group":{"id":"settings","version":"9"},"event":{"data":{"created":1547312815868,"name":"navigateToPreview","value":false},"id":"UISettings"}}
{"session":"eb4898482c1e","build":"183.4886.37","bucket":"-1","time":1547312815840,"group":{"id":"settings","version":"9"},"event":{"data":{"created":1547312815869,"name":"overrideConsoleCycleBufferSize","value":false},"id":"UISettings"}}
{"session":"eb4898482c1e","build":"183.4886.37","bucket":"-1","time":1547312815840,"group":{"id":"settings","version":"9"},"event":{"data":{"created":1547312815869,"name":"overrideLafFonts","value":false},"id":"UISettings"}}
{"session":"eb4898482c1e","build":"183.4886.37","bucket":"-1","time":1547312815840,"group":{"id":"settings","version":"9"},"event":{"data":{"created":1547312815869,"name":"pinFindInPath","value":false},"id":"UISettings"}}
{"session":"eb4898482c1e","build":"183.4886.37","bucket":"-1","time":1547312815840,"group":{"id":"settings","version":"9"},"event":{"data":{"created":1547312815870,"name":"presentationMode","value":false},"id":"UISettings"}}
{"session":"eb4898482c1e","build":"183.4886.37","bucket":"-1","time":1547312815840,"group":{"id":"settings","version":"9"},"event":{"data":{"created":1547312815870,"name":"reuseNotModifiedTabs","value":false},"id":"UISettings"}}
{"session":"eb4898482c1e","build":"183.4886.37","bucket":"-1","time":1547312815840,"group":{"id":"settings","version":"9"},"event":{"data":{"created":1547312815871,"name":"rightHorizontalSplit","value":false},"id":"UISettings"}}
{"session":"eb4898482c1e","build":"183.4886.37","bucket":"-1","time":1547312815840,"group":{"id":"settings","version":"9"},"event":{"data":{"created":1547312815871,"name":"scrollTabLayoutInEditor","value":true},"id":"UISettings"}}
{"session":"eb4898482c1e","build":"183.4886.37","bucket":"-1","time":1547312815840,"group":{"id":"settings","version":"9"},"event":{"data":{"created":1547312815872,"name":"showCloseButton","value":true},"id":"UISettings"}}
{"session":"eb4898482c1e","build":"183.4886.37","bucket":"-1","time":1547312815840,"group":{"id":"settings","version":"9"},"event":{"data":{"created":1547312815873,"name":"showDirectoryForNonUniqueFilenames","value":true},"id":"UISettings"}}
{"session":"eb4898482c1e","build":"183.4886.37","bucket":"-1","time":1547312815840,"group":{"id":"settings","version":"9"},"event":{"data":{"created":1547312815873,"name":"showEditorToolTip","value":true},"id":"UISettings"}}
{"session":"eb4898482c1e","build":"183.4886.37","bucket":"-1","time":1547312815840,"group":{"id":"settings","version":"9"},"event":{"data":{"created":1547312815873,"name":"showIconInQuickNavigation","value":true},"id":"UISettings"}}
{"session":"eb4898482c1e","build":"183.4886.37","bucket":"-1","time":1547312815840,"group":{"id":"settings","version":"9"},"event":{"data":{"created":1547312815873,"name":"showIconsInMenus","value":true},"id":"UISettings"}}
{"session":"eb4898482c1e","build":"183.4886.37","bucket":"-1","time":1547312815840,"group":{"id":"settings","version":"9"},"event":{"data":{"created":1547312815873,"name":"showMainToolbar","value":false},"id":"UISettings"}}
{"session":"eb4898482c1e","build":"183.4886.37","bucket":"-1","time":1547312815840,"group":{"id":"settings","version":"9"},"event":{"data":{"created":1547312815874,"name":"showMemoryIndicator","value":false},"id":"UISettings"}}
{"session":"eb4898482c1e","build":"183.4886.37","bucket":"-1","time":1547312815840,"group":{"id":"settings","version":"9"},"event":{"data":{"created":1547312815874,"name":"showNavigationBar","value":true},"id":"UISettings"}}
{"session":"eb4898482c1e","build":"183.4886.37","bucket":"-1","time":1547312815840,"group":{"id":"settings","version":"9"},"event":{"data":{"created":1547312815874,"name":"showStatusBar","value":true},"id":"UISettings"}}
{"session":"eb4898482c1e","build":"183.4886.37","bucket":"-1","time":1547312815840,"group":{"id":"settings","version":"9"},"event":{"data":{"created":1547312815874,"name":"showTabsTooltips","value":true},"id":"UISettings"}}
{"session":"eb4898482c1e","build":"183.4886.37","bucket":"-1","time":1547312815840,"group":{"id":"settings","version":"9"},"event":{"data":{"created":1547312815874,"name":"showToolWindowsNumbers","value":true},"id":"UISettings"}}
{"session":"eb4898482c1e","build":"183.4886.37","bucket":"-1","time":1547312815840,"group":{"id":"settings","version":"9"},"event":{"data":{"created":1547312815875,"name":"smoothScrolling","value":false},"id":"UISettings"}}
{"session":"eb4898482c1e","build":"183.4886.37","bucket":"-1","time":1547312815840,"group":{"id":"settings","version":"9"},"event":{"data":{"created":1547312815875,"name":"sortBookmarks","value":false},"id":"UISettings"}}
{"session":"eb4898482c1e","build":"183.4886.37","bucket":"-1","time":1547312815840,"group":{"id":"settings","version":"9"},"event":{"data":{"created":1547312815875,"name":"sortLookupElementsLexicographically","value":false},"id":"UISettings"}}
{"session":"eb4898482c1e","build":"183.4886.37","bucket":"-1","time":1547312815840,"group":{"id":"settings","version":"9"},"event":{"data":{"created":1547312815875,"name":"useSmallLabelsOnTabs","value":false},"id":"UISettings"}}
{"session":"eb4898482c1e","build":"183.4886.37","bucket":"-1","time":1547312815840,"group":{"id":"settings","version":"9"},"event":{"data":{"created":1547312815875,"name":"wideScreenSupport","value":false},"id":"UISettings"}}
{"session":"eb4898482c1e","build":"183.4886.37","bucket":"-1","time":1547312816521,"group":{"id":"settings","version":"9"},"event":{"data":{"created":1547312816521,"name":"autoSaveIfInactive","value":false},"id":"GeneralSettings"}}
{"session":"eb4898482c1e","build":"183.4886.37","bucket":"-1","time":1547312816521,"group":{"id":"settings","version":"9"},"event":{"data":{"created":1547312816522,"name":"confirmExit","value":true},"id":"GeneralSettings"}}
{"session":"eb4898482c1e","build":"183.4886.37","bucket":"-1","time":1547312816521,"group":{"id":"settings","version":"9"},"event":{"data":{"created":1547312816522,"name":"reopenLastProject","value":true},"id":"GeneralSettings"}}
{"session":"eb4898482c1e","build":"183.4886.37","bucket":"-1","time":1547312816521,"group":{"id":"settings","version":"9"},"event":{"data":{"created":1547312816522,"name":"saveOnFrameDeactivation","value":true},"id":"GeneralSettings"}}
{"session":"eb4898482c1e","build":"183.4886.37","bucket":"-1","time":1547312816521,"group":{"id":"settings","version":"9"},"event":{"data":{"created":1547312816522,"name":"searchInBackground","value":false},"id":"GeneralSettings"}}
{"session":"eb4898482c1e","build":"183.4886.37","bucket":"-1","time":1547312816521,"group":{"id":"settings","version":"9"},"event":{"data":{"created":1547312816523,"name":"showTipsOnStartup","value":true},"id":"GeneralSettings"}}
{"session":"eb4898482c1e","build":"183.4886.37","bucket":"-1","time":1547312816521,"group":{"id":"settings","version":"9"},"event":{"data":{"created":1547312816523,"name":"showWelcomeScreen","value":true},"id":"GeneralSettings"}}
{"session":"eb4898482c1e","build":"183.4886.37","bucket":"-1","time":1547312816521,"group":{"id":"settings","version":"9"},"event":{"data":{"created":1547312816523,"name":"supportScreenReaders","value":false},"id":"GeneralSettings"}}
{"session":"eb4898482c1e","build":"183.4886.37","bucket":"-1","time":1547312816521,"group":{"id":"settings","version":"9"},"event":{"data":{"created":1547312816523,"name":"syncOnFrameActivation","value":true},"id":"GeneralSettings"}}
{"session":"eb4898482c1e","build":"183.4886.37","bucket":"-1","time":1547312816521,"group":{"id":"settings","version":"9"},"event":{"data":{"created":1547312816524,"name":"useDefaultBrowser","value":true},"id":"GeneralSettings"}}
{"session":"eb4898482c1e","build":"183.4886.37","bucket":"-1","time":1547312816521,"group":{"id":"settings","version":"9"},"event":{"data":{"created":1547312816524,"name":"useSafeWrite","value":true},"id":"GeneralSettings"}}
{"session":"eb4898482c1e","build":"183.4886.37","bucket":"-1","time":1547312818963,"group":{"id":"statistics.lifecycle.app","version":"9"},"event":{"count":1,"data":{"created":1547312818963},"id":"ide.start"}}
{"session":"eb4898482c1e","build":"183.4886.37","bucket":"-1","time":1547312818965,"group":{"id":"lifecycle","version":"9"},"event":{"count":1,"data":{"created":1547312818965},"id":"app.started"}}
{"session":"eb4898482c1e","build":"183.4886.37","bucket":"-1","time":1547312821036,"group":{"id":"actions.v2","version":"9"},"event":{"count":1,"data":{"context_menu":false,"created":1547312821036,"data_1":"Windows"},"id":"WelcomeScreen.CreateNewProject"}}
{"session":"eb4898482c1e","build":"183.4886.37","bucket":"-1","time":1547312821949,"group":{"id":"ui.dialogs","version":"9"},"event":{"count":1,"data":{"created":1547312821949,"type":"show"},"id":"com.intellij.ide.projectWizard.NewProjectWizard"}}
{"session":"eb4898482c1e","build":"183.4886.37","bucket":"-1","time":1547312822725,"group":{"id":"ui.dialogs","version":"9"},"event":{"count":1,"data":{"created":1547312822725,"type":"show"},"id":"com.intellij.openapi.progress.util.ProgressDialog$MyDialogWrapper"}}
{"session":"eb4898482c1e","build":"183.4886.37","bucket":"-1","time":1547312824597,"group":{"id":"ui.dialogs","version":"9"},"event":{"count":1,"data":{"code":1,"created":1547312824597,"type":"close"},"id":"com.intellij.openapi.progress.util.ProgressDialog$MyDialogWrapper"}}
{"session":"eb4898482c1e","build":"183.4886.37","bucket":"-1","time":1547312827529,"group":{"id":"statistics.ide.self.update","version":"9"},"event":{"count":1,"data":{"created":1547312827529},"id":"notification.shown"}}
{"session":"eb4898482c1e","build":"183.4886.37","bucket":"-1","time":1547312829562,"group":{"id":"ui.dialogs","version":"9"},"event":{"count":1,"data":{"code":0,"created":1547312829562,"type":"close"},"id":"com.intellij.ide.projectWizard.NewProjectWizard"}}
{"session":"eb4898482c1e","build":"183.4886.37","bucket":"-1","time":1547312830945,"group":{"id":"statistics.lifecycle.project","version":"9"},"event":{"count":1,"data":{"created":1547312830945,"project":"-1820019154"},"id":"project.opened"}}
{"session":"eb4898482c1e","build":"183.4886.37","bucket":"-1","time":1547312830945,"group":{"id":"lifecycle","version":"9"},"event":{"count":1,"data":{"created":1547312830945},"id":"project.opened"}}
{"session":"eb4898482c1e","build":"183.4886.37","bucket":"-1","time":1547312831786,"group":{"id":"ui.dialogs","version":"9"},"event":{"count":1,"data":{"created":1547312831786,"type":"show"},"id":"com.intellij.openapi.progress.util.ProgressDialog$MyDialogWrapper"}}
{"session":"eb4898482c1e","build":"183.4886.37","bucket":"-1","time":1547312832020,"group":{"id":"statistics.ui.tips","version":"9"},"event":{"count":1,"data":{"created":1547312832020},"id":"shown.automatically"}}
{"session":"eb4898482c1e","build":"183.4886.37","bucket":"-1","time":1547312832039,"group":{"id":"ui.dialogs","version":"9"},"event":{"count":1,"data":{"created":1547312832039,"type":"show"},"id":"com.intellij.ide.util.TipDialog"}}
{"session":"eb4898482c1e","build":"183.4886.37","bucket":"-1","time":1547312832092,"group":{"id":"ui.dialogs","version":"9"},"event":{"count":1,"data":{"code":1,"created":1547312832092,"type":"close"},"id":"com.intellij.openapi.progress.util.ProgressDialog$MyDialogWrapper"}}
{"session":"eb4898482c1e","build":"183.4886.37","bucket":"-1","time":1547312832494,"group":{"id":"statistics.lifecycle.project","version":"9"},"event":{"count":1,"data":{"created":1547312832495,"project":"-1820019154"},"id":"project.open.time.2"}}
{"session":"eb4898482c1e","build":"183.4886.37","bucket":"-1","time":1547312832494,"group":{"id":"lifecycle","version":"9"},"event":{"count":1,"data":{"created":1547312832495,"time.ms":2903},"id":"project.opening.finished"}}
{"session":"eb4898482c1e","build":"183.4886.37","bucket":"-1","time":1547312833902,"group":{"id":"ui.dialogs","version":"9"},"event":{"count":1,"data":{"code":1,"created":1547312833902,"type":"close"},"id":"com.intellij.ide.util.TipDialog"}}
{"session":"eb4898482c1e","build":"183.4886.37","bucket":"-1","time":1547312856673,"group":{"id":"toolwindow.v2","version":"9"},"event":{"count":1,"data":{"created":1547312856675,"data_1":"Windows"},"id":"Project_by_Activation"}}
{"session":"eb4898482c1e","build":"183.4886.37","bucket":"-1","time":1547313014980,"group":{"id":"ui.dialogs","version":"9"},"event":{"count":1,"data":{"created":1547313014980,"type":"show"},"id":"com.intellij.openapi.ui.messages.MessageDialog"}}
{"session":"eb4898482c1e","build":"183.4886.37","bucket":"-1","time":1547313017016,"group":{"id":"statistics.lifecycle.app","version":"9"},"event":{"count":1,"data":{"created":1547313017016},"id":"ide.close"}}
{"session":"eb4898482c1e","build":"183.4886.37","bucket":"-1","time":1547313017016,"group":{"id":"lifecycle","version":"9"},"event":{"count":1,"data":{"restart":false,"created":1547313017016},"id":"app.closed"}}
{"session":"eb4898482c1e","build":"183.4886.37","bucket":"-1","time":1547313017074,"group":{"id":"statistics.lifecycle.project","version":"9"},"event":{"count":1,"data":{"created":1547313017074,"project":"-1820019154"},"id":"project.closed"}}
{"session":"eb4898482c1e","build":"183.4886.37","bucket":"-1","time":1547313017516,"group":{"id":"lifecycle","version":"9"},"event":{"count":1,"data":{"created":1547313017516},"id":"project.closed"}}
